<?xml version="1.0" encoding="UTF-8"?>
<testsuite name="ejemplo_test_api" tests="1" skipped="0" failures="0" errors="0" timestamp="2021-12-09T02:10:18" hostname="XME4863-LAP" time="4.861">
  <properties/>
  <testcase name="api_Covid_test" classname="ejemplo_test_api" time="4.861"/>
  <system-out><![CDATA[Body response{"status":200,"type":"stack","data":{"summary":{"total_cases":267171205,"active_cases":24066763,"deaths":5278435,"recovered":237826007,"critical":88060,"tested":4216984861,"death_ratio":0.01975675110646748,"recovery_ratio":0.890163320556944},"change":{"total_cases":728905,"active_cases":210518,"deaths":8800,"recovered":509587,"critical":858,"tested":9652516,"death_ratio":-2.102066625779553e-5,"recovery_ratio":-0.0005226553560397917},"generated_on":1638997227,"regions":{"usa":{"name":"USA","iso3166a2":"US","iso3166a3":"USA","iso3166numeric":"","total_cases":50348340,"active_cases":9760592,"deaths":813212,"recovered":39774536,"critical":14410,"tested":767271089,"death_ratio":0.016151714237251914,"recovery_ratio":0.7899870383015607,"change":{"total_cases":138006,"active_cases":69397,"deaths":2016,"recovered":66593,"death_ratio":-4.242821308980682e-6,"recovery_ratio":-0.0008450441936483921}},"india":{"name":"India","iso3166a2":"IN","iso3166a3":"IND","iso3166numeric":"","total_cases":34656822,"active_cases":93733,"deaths":473952,"recovered":34089137,"critical":8944,"tested":650660144,"death_ratio":0.013675575908258408,"recovery_ratio":0.9836198194975869,"change":{"total_cases":8439,"active_cases":-1281,"deaths":195,"recovered":9525,"death_ratio":2.297129274696913e-6,"recovery_ratio":3.533302963254492e-5}},"brazil":{"name":"Brazil","iso3166a2":"BR","iso3166a3":"BRA","iso3166numeric":"","total_cases":22157726,"active_cases":155388,"deaths":616067,"recovered":21386271,"critical":8318,"tested":63776166,"death_ratio":0.027803710543220905,"recovery_ratio":0.9651834759577765,"change":{"total_cases":10250,"active_cases":-5911,"deaths":278,"recovered":15883,"death_ratio":-3.1552277415455854e-7,"recovery_ratio":0.0002704538147567659}},"uk":{"name":"UK","iso3166a2":"GB","iso3166a3":"GBR","iso3166numeric":"","total_cases":10610958,"active_cases":1124581,"deaths":145987,"recovered":9340390,"critical":880,"tested":371694121,"death_ratio":0.013758135693308747,"recovery_ratio":0.880258879546974,"change":{"total_cases":50617,"active_cases":10764,"deaths":161,"recovered":39692,"death_ratio":-5.069869944429074e-5,"recovery_ratio":-0.0004605972199220876}},"russia":{"name":"Russia","iso3166a2":"RU","iso3166a3":"RUS","iso3166numeric":"","total_cases":9895597,"active_cases":1008707,"deaths":284823,"recovered":8602067,"critical":2300,"tested":229200000,"death_ratio":0.02878280107809564,"recovery_ratio":0.8692822676590407,"change":{"total_cases":30752,"active_cases":-7403,"deaths":1179,"recovered":36976,"death_ratio":2.978975353859145e-5,"recovery_ratio":0.0010384179077268518}},"turkey":{"name":"Turkey","iso3166a2":"TR","iso3166a3":"TUR","iso3166numeric":"","total_cases":8964711,"active_cases":369782,"deaths":78407,"recovered":8516522,"critical":1128,"tested":110515595,"death_ratio":0.008746182671142438,"recovery_ratio":0.9500051925823376,"change":{"total_cases":20874,"active_cases":-9151,"deaths":192,"recovered":29833,"death_ratio":1.0546013889303069e-6,"recovery_ratio":0.0011183781200436727}},"france":{"name":"France","iso3166a2":"FR","iso3166a3":"FRA","iso3166numeric":"","total_cases":8153025,"active_cases":820949,"deaths":121017,"recovered":7211059,"critical":2351,"tested":170480237,"death_ratio":0.014843202369672607,"recovery_ratio":0.8844642326007831,"change":{"total_cases":61390,"active_cases":61620,"deaths":134,"recovered":-364,"death_ratio":-9.605279940014602e-5,"recovery_ratio":-0.006755279895764299}},"germany":{"name":"Germany","iso3166a2":"DE","iso3166a3":"DEU","iso3166numeric":"","total_cases":6339726,"active_cases":1009097,"deaths":104929,"recovered":5225700,"critical":4636,"tested":85782441,"death_ratio":0.016551030754325975,"recovery_ratio":0.8242785256018951,"change":{"total_cases":68965,"active_cases":13097,"deaths":568,"recovered":55300,"death_ratio":-9.144692900464602e-5,"recovery_ratio":-0.000246599817491866}},"iran":{"name":"Iran","iso3166a2":"IR","iso3166a3":"IRN","iso3166numeric":"","total_cases":6144644,"active_cases":70731,"deaths":130446,"recovered":5943467,"critical":3185,"tested":39632983,"death_ratio":0.021229220114297915,"recovery_ratio":0.9672597794111425,"change":{"total_cases":3309,"active_cases":-3273,"deaths":90,"recovered":6492,"death_ratio":3.216321962859481e-6,"recovery_ratio":0.0005359319089299763}},"argentina":{"name":"Argentina","iso3166a2":"AR","iso3166a3":"ARG","iso3166numeric":"","total_cases":5346242,"active_cases":24005,"deaths":116703,"recovered":5205534,"critical":687,"tested":26501999,"death_ratio":0.021828978186920832,"recovery_ratio":0.9736809519658856,"change":{"total_cases":3089,"active_cases":1341,"deaths":23,"recovered":1725,"death_ratio":-8.31526134838223e-6,"recovery_ratio":-0.00024006433291778873}},"spain":{"name":"Spain","iso3166a2":"ES","iso3166a3":"ESP","iso3166numeric":"","total_cases":5246766,"active_cases":221127,"deaths":88237,"recovered":4937402,"critical":814,"tested":66213858,"death_ratio":0.016817407141846995,"recovery_ratio":0.9410372027264032,"change":{"total_cases":43808,"active_cases":33719,"deaths":78,"recovered":10011,"death_ratio":-0.00012660816636806196,"recovery_ratio":-0.005999271525358951}},"italy":{"name":"Italy","iso3166a2":"IT","iso3166a3":"ITA","iso3166numeric":"","total_cases":5152264,"active_cases":249214,"deaths":134472,"recovered":4768578,"critical":791,"tested":123896511,"death_ratio":0.02609959427544862,"recovery_ratio":0.9255306016927703,"change":{"total_cases":17946,"active_cases":8320,"deaths":86,"recovered":9540,"death_ratio":-7.447597107682058e-5,"recovery_ratio":-0.001376925266019513}},"colombia":{"name":"Colombia","iso3166a2":"CO","iso3166a3":"COL","iso3166numeric":"","total_cases":5084466,"active_cases":30148,"deaths":128874,"recovered":4925444,"critical":342,"tested":28431055,"death_ratio":0.025346614570733682,"recovery_ratio":0.9687239525252013,"change":{"total_cases":1704,"active_cases":-360,"deaths":53,"recovered":2011,"death_ratio":1.9299288008117754e-6,"recovery_ratio":7.088555098533345e-5}},"indonesia":{"name":"Indonesia","iso3166a2":"ID","iso3166a3":"IDN","iso3166numeric":"","total_cases":4258340,"active_cases":5363,"deaths":143909,"recovered":4109068,"critical":0,"tested":56927434,"death_ratio":0.03379462419628306,"recovery_ratio":0.9649459648595462,"change":{"total_cases":264,"active_cases":-103,"deaths":16,"recovered":351,"death_ratio":1.6623045742264475e-6,"recovery_ratio":2.260510739526822e-5}},"mexico":{"name":"Mexico","iso3166a2":"MX","iso3166a3":"MEX","iso3166numeric":"","total_cases":3905319,"active_cases":347295,"deaths":295602,"recovered":3262422,"critical":4798,"tested":11976549,"death_ratio":0.07569215216477834,"recovery_ratio":0.8353791329210238,"change":{"total_cases":3304,"active_cases":677,"deaths":289,"recovered":2338,"death_ratio":9.972572952071657e-6,"recovery_ratio":-0.00010817299655974111}},"poland":{"name":"Poland","iso3166a2":"PL","iso3166a3":"POL","iso3166numeric":"","total_cases":3732589,"active_cases":451062,"deaths":86796,"recovered":3194731,"critical":2026,"tested":25210982,"death_ratio":0.023253564750900783,"recovery_ratio":0.8559021633509609,"change":{"total_cases":28549,"active_cases":17903,"deaths":591,"recovered":10055,"death_ratio":-1.9672039198673913e-5,"recovery_ratio":-0.0038822882208363607}},"ukraine":{"name":"Ukraine","iso3166a2":"UA","iso3166a3":"UKR","iso3166numeric":"","total_cases":3692939,"active_cases":488537,"deaths":94979,"recovered":3109423,"critical":177,"tested":16160332,"death_ratio":0.025719081739503415,"recovery_ratio":0.8419914328398059,"change":{"total_cases":9895,"active_cases":-17389,"deaths":480,"recovered":26804,"death_ratio":6.122915886631192e-5,"recovery_ratio":0.005015550933426316}},"south_africa":{"name":"South Africa","iso3166a2":"ZA","iso3166a3":"ZAF","iso3166numeric":"","total_cases":3071064,"active_cases":113060,"deaths":90038,"recovered":2867966,"critical":546,"tested":19912794,"death_ratio":0.02931817767392669,"recovery_ratio":0.9338672199602484,"change":{"total_cases":19842,"active_cases":16488,"deaths":36,"recovered":3318,"death_ratio":-0.00017885662905093788,"recovery_ratio":-0.00498547577936026}},"netherlands":{"name":"Netherlands","iso3166a2":"NL","iso3166a3":"NLD","iso3166numeric":"","total_cases":2850600,"active_cases":637261,"deaths":20295,"recovered":2193044,"critical":633,"tested":19205114,"death_ratio":0.007119553778151968,"recovery_ratio":0.7693271591945555,"change":{"total_cases":18134,"active_cases":6325,"deaths":73,"recovered":11736,"death_ratio":-1.98081771195166e-5,"recovery_ratio":-0.0007819965728923517}},"philippines":{"name":"Philippines","iso3166a2":"PH","iso3166a3":"PHL","iso3166numeric":"","total_cases":2835593,"active_cases":12510,"deaths":49761,"recovered":2773322,"critical":899,"tested":24390103,"death_ratio":0.01754871026977426,"recovery_ratio":0.9780395141333753,"change":{"total_cases":248,"active_cases":-516,"deaths":170,"recovered":594,"death_ratio":5.842249174372108e-5,"recovery_ratio":0.00012395182966973284}},"malaysia":{"name":"Malaysia","iso3166a2":"MY","iso3166a3":"MYS","iso3166numeric":"","total_cases":2673019,"active_cases":60878,"deaths":30746,"recovered":2581395,"critical":428,"tested":38730402,"death_ratio":0.0115023499645906,"recovery_ratio":0.9657226529254,"change":{"total_cases":5020,"active_cases":467,"deaths":28,"recovered":4525,"death_ratio":-1.1147604186599602e-5,"recovery_ratio":-0.00012103742081071012}},"czechia":{"name":"Czechia","iso3166a2":"CZ","iso3166a3":"CZE","iso3166numeric":"","total_cases":2282212,"active_cases":284723,"deaths":34034,"recovered":1963455,"critical":1040,"tested":45056810,"death_ratio":0.014912725022916363,"recovery_ratio":0.8603298028404022,"change":{"total_cases":19546,"active_cases":-1091,"deaths":132,"recovered":20505,"death_ratio":-7.0485048742467e-5,"recovery_ratio":0.0016303748205352964}},"peru":{"name":"Peru","iso3166a2":"PE","iso3166a3":"PER","iso3166numeric":"","total_cases":2246633,"active_cases":2045183,"deaths":201450,"recovered":0,"critical":997,"tested":20623407,"death_ratio":0.0896675157891832,"recovery_ratio":0,"change":{"total_cases":1487,"active_cases":1458,"deaths":29,"recovered":0,"death_ratio":-4.6471630788608165e-5,"recovery_ratio":0}},"thailand":{"name":"Thailand","iso3166a2":"TH","iso3166a3":"THA","iso3166numeric":"","total_cases":2152384,"active_cases":64200,"deaths":21035,"recovered":2067149,"critical":1369,"tested":14913135,"death_ratio":0.009772884392376082,"recovery_ratio":0.9603997242127799,"change":{"total_cases":3618,"active_cases":-2195,"deaths":38,"recovered":5775,"death_ratio":1.2294052811629569e-6,"recovery_ratio":0.001070509212170223}},"iraq":{"name":"Iraq","iso3166a2":"IQ","iso3166a3":"IRQ","iso3166numeric":"","total_cases":2086192,"active_cases":9605,"deaths":23931,"recovered":2052656,"critical":97,"tested":16488181,"death_ratio":0.01147113976086573,"recovery_ratio":0.9839247777769257,"change":{"total_cases":606,"active_cases":-150,"deaths":12,"recovered":744,"death_ratio":2.4206574578619633e-6,"recovery_ratio":7.083936345342323e-5}},"belgium":{"name":"Belgium","iso3166a2":"BE","iso3166a3":"BEL","iso3166numeric":"","total_cases":1879784,"active_cases":457065,"deaths":27360,"recovered":1395359,"critical":817,"tested":25457760,"death_ratio":0.014554863750303227,"recovery_ratio":0.7422975192894503,"change":{"total_cases":10878,"active_cases":2774,"deaths":41,"recovered":8063,"death_ratio":-6.27788705669513e-5,"recovery_ratio":-6.266989795444822e-6}},"canada":{"name":"Canada","iso3166a2":"CA","iso3166a3":"CAN","iso3166numeric":"","total_cases":1826277,"active_cases":38314,"deaths":29894,"recovered":1758069,"critical":497,"tested":49518440,"death_ratio":0.01636882028301293,"recovery_ratio":0.9626518868714877,"change":{"total_cases":3451,"active_cases":541,"deaths":21,"recovered":2889,"death_ratio":-1.9469109392052097e-5,"recovery_ratio":-0.0002376045007003169}},"romania":{"name":"Romania","iso3166a2":"RO","iso3166a3":"ROU","iso3166numeric":"","total_cases":1789539,"active_cases":24211,"deaths":57360,"recovered":1707968,"critical":807,"tested":16277670,"death_ratio":0.03205294771446725,"recovery_ratio":0.9544178696301114,"change":{"total_cases":1279,"active_cases":-893,"deaths":100,"recovered":2072,"death_ratio":3.299535854584673e-5,"recovery_ratio":0.00047604908947418423}},"chile":{"name":"Chile","iso3166a2":"CL","iso3166a3":"CHL","iso3166numeric":"","total_cases":1776599,"active_cases":65151,"deaths":38541,"recovered":1672907,"critical":685,"tested":26103609,"death_ratio":0.02169369677681908,"recovery_ratio":0.9416345500588484,"change":{"total_cases":1387,"active_cases":-868,"deaths":6,"recovered":2249,"death_ratio":-1.3569735574932296e-5,"recovery_ratio":0.0005311776165711768}},"japan":{"name":"Japan","iso3166a2":"JP","iso3166a3":"JPN","iso3166numeric":"","total_cases":1728113,"active_cases":822,"deaths":18367,"recovered":1708924,"critical":27,"tested":28257592,"death_ratio":0.010628355900337536,"recovery_ratio":0.9888959807605174,"change":{"total_cases":98,"active_cases":-9,"deaths":2,"recovered":105,"death_ratio":5.546370383177623e-7,"recovery_ratio":4.680627127440218e-6}},"bangladesh":{"name":"Bangladesh","iso3166a2":"BD","iso3166a3":"BGD","iso3166numeric":"","total_cases":1578288,"active_cases":7068,"deaths":28016,"recovered":1543204,"critical":1394,"tested":11041406,"death_ratio":0.01775087943391827,"recovery_ratio":0.9777708504404773,"change":{"total_cases":277,"active_cases":-25,"deaths":6,"recovered":296,"death_ratio":6.863110566419917e-7,"recovery_ratio":1.5942521584433322e-5}},"vietnam":{"name":"Vietnam","iso3166a2":"VN","iso3166a3":"VNM","iso3166numeric":"","total_cases":1352122,"active_cases":288799,"deaths":26930,"recovered":1036393,"critical":7506,"tested":70427988,"death_ratio":0.019916841823444924,"recovery_ratio":0.7664937039704997,"change":{"total_cases":14599,"active_cases":-10368,"deaths":230,"recovered":24737,"death_ratio":-4.543172250531455e-5,"recovery_ratio":0.010128392869307334}},"israel":{"name":"Israel","iso3166a2":"IL","iso3166a3":"ISR","iso3166numeric":"","total_cases":1348229,"active_cases":5901,"deaths":8210,"recovered":1334118,"critical":103,"tested":35400109,"death_ratio":0.00608946996393046,"recovery_ratio":0.9895336771423846,"change":{"total_cases":876,"active_cases":195,"deaths":0,"recovered":681,"death_ratio":-3.959152269971365e-6,"recovery_ratio":-0.00013792339585594338}},"pakistan":{"name":"Pakistan","iso3166a2":"PK","iso3166a3":"PAK","iso3166numeric":"","total_cases":1287703,"active_cases":11844,"deaths":28793,"recovered":1247066,"critical":783,"tested":22338650,"death_ratio":0.022359969651387004,"recovery_ratio":0.9684422572596321,"change":{"total_cases":310,"active_cases":18,"deaths":9,"recovered":283,"death_ratio":1.606665103872501e-6,"recovery_ratio":-1.337361609898835e-5}},"serbia":{"name":"Serbia","iso3166a2":"RS","iso3166a3":"SRB","iso3166numeric":"","total_cases":1268787,"active_cases":37770,"deaths":12036,"recovered":1218981,"critical":194,"tested":6927098,"death_ratio":0.009486225820409573,"recovery_ratio":0.9607451841798506,"change":{"total_cases":1675,"active_cases":-974,"deaths":41,"recovered":2608,"death_ratio":1.981716829358056e-5,"recovery_ratio":0.0007882111577340867}},"slovakia":{"name":"Slovakia","iso3166a2":"SK","iso3166a3":"SVK","iso3166numeric":"","total_cases":1255086,"active_cases":623257,"deaths":15095,"recovered":616734,"critical":629,"tested":4783316,"death_ratio":0.012027064280854061,"recovery_ratio":0.4913878411519211,"change":{"total_cases":10724,"active_cases":422,"deaths":91,"recovered":10211,"death_ratio":-3.052024840671623e-5,"recovery_ratio":0.00397099621451541}},"sweden":{"name":"Sweden","iso3166a2":"SE","iso3166a3":"SWE","iso3166numeric":"","total_cases":1222892,"active_cases":43689,"deaths":15184,"recovered":1164019,"critical":54,"tested":13934770,"death_ratio":0.01241646850253334,"recovery_ratio":0.9518575638731793,"change":{"total_cases":3335,"active_cases":2833,"deaths":7,"recovered":495,"death_ratio":-2.821427982123599e-5,"recovery_ratio":-0.00219706415978671}},"austria":{"name":"Austria","iso3166a2":"AT","iso3166a3":"AUT","iso3166numeric":"","total_cases":1212999,"active_cases":90048,"deaths":12979,"recovered":1109972,"critical":638,"tested":113690976,"death_ratio":0.010699926380813175,"recovery_ratio":0.9150642333588074,"change":{"total_cases":5663,"active_cases":-6080,"deaths":58,"recovered":11685,"death_ratio":-2.1482694912977607e-6,"recovery_ratio":0.005386231543239917}},"portugal":{"name":"Portugal","iso3166a2":"PT","iso3166a3":"PRT","iso3166numeric":"","total_cases":1177706,"active_cases":62834,"deaths":18587,"recovered":1096285,"critical":138,"tested":21858506,"death_ratio":0.015782376925990018,"recovery_ratio":0.9308647489271517,"change":{"total_cases":5286,"active_cases":2250,"deaths":15,"recovered":3021,"death_ratio":-5.836274068233421e-5,"recovery_ratio":-0.0016201967407830642}},"hungary":{"name":"Hungary","iso3166a2":"HU","iso3166a3":"HUN","iso3166numeric":"","total_cases":1168728,"active_cases":184295,"deaths":36048,"recovered":948385,"critical":607,"tested":8701776,"death_ratio":0.030843789145121876,"recovery_ratio":0.8114676811028743,"change":{"total_cases":6849,"active_cases":-2913,"deaths":213,"recovered":9549,"death_ratio":1.5069453403147859e-6,"recovery_ratio":0.003435175136246027}},"switzerland":{"name":"Switzerland","iso3166a2":"CH","iso3166a3":"CHE","iso3166numeric":"","total_cases":1090928,"active_cases":199527,"deaths":11708,"recovered":879693,"critical":250,"tested":12890712,"death_ratio":0.010732147309446636,"recovery_ratio":0.8063712728979364,"change":{"total_cases":12425,"active_cases":10871,"deaths":31,"recovered":1523,"death_ratio":-9.489721430526801e-5,"recovery_ratio":-0.007877737072365054}},"kazakhstan":{"name":"Kazakhstan","iso3166a2":"KZ","iso3166a3":"KAZ","iso3166numeric":"","total_cases":1060125,"active_cases":97668,"deaths":17972,"recovered":944485,"critical":528,"tested":11575012,"death_ratio":0.01695271783987737,"recovery_ratio":0.8909185237589907,"change":{"total_cases":816,"active_cases":-452,"deaths":24,"recovered":1244,"death_ratio":9.59737172313152e-6,"recovery_ratio":0.00048806390261268984}},"jordan":{"name":"Jordan","iso3166a2":"JO","iso3166a3":"JOR","iso3166numeric":"","total_cases":993339,"active_cases":65083,"deaths":11850,"recovered":916406,"critical":1175,"tested":12564015,"death_ratio":0.011929462147363588,"recovery_ratio":0.9225511129634495,"change":{"total_cases":5180,"active_cases":646,"deaths":33,"recovered":4501,"death_ratio":-2.9139656597110958e-5,"recovery_ratio":-0.00028114378875332413}},"greece":{"name":"Greece","iso3166a2":"GR","iso3166a3":"GRC","iso3166numeric":"","total_cases":984301,"active_cases":69391,"deaths":18901,"recovered":896009,"critical":709,"tested":39234558,"death_ratio":0.01920245941028202,"recovery_ratio":0.9102997965053373,"change":{"total_cases":5899,"active_cases":-690,"deaths":86,"recovered":6503,"death_ratio":-2.7877404237985903e-5,"recovery_ratio":0.0011581553394361954}},"cuba":{"name":"Cuba","iso3166a2":"CU","iso3166a3":"CUB","iso3166numeric":"","total_cases":963347,"active_cases":464,"deaths":8311,"recovered":954572,"critical":16,"tested":11250174,"death_ratio":0.008627213247147705,"recovery_ratio":0.9908911326863529,"change":{"total_cases":78,"active_cases":-67,"deaths":0,"recovered":145,"death_ratio":-6.985822582038226e-7,"recovery_ratio":7.029240186329222e-5}},"morocco":{"name":"Morocco","iso3166a2":"MA","iso3166a3":"MAR","iso3166numeric":"","total_cases":950946,"active_cases":2496,"deaths":14792,"recovered":933658,"critical":347,"tested":10526057,"death_ratio":0.015555036773907247,"recovery_ratio":0.9818202085081592,"change":{"total_cases":145,"active_cases":-101,"deaths":4,"recovered":242,"death_ratio":1.8347894751736399e-6,"recovery_ratio":0.00010479171747435068}},"nepal":{"name":"Nepal","iso3166a2":"NP","iso3166a3":"NPL","iso3166numeric":"","total_cases":823357,"active_cases":6239,"deaths":11547,"recovered":805571,"critical":114,"tested":4688348,"death_ratio":0.01402429322881812,"recovery_ratio":0.9783981917928675,"change":{"total_cases":255,"active_cases":-113,"deaths":2,"recovered":366,"death_ratio":-1.9149446524834024e-6,"recovery_ratio":0.00014154802332244643}},"united_arab_emirates":{"name":"United Arab Emirates","iso3166a2":"AE","iso3166a3":"ARE","iso3166numeric":"","total_cases":742438,"active_cases":2808,"deaths":2149,"recovered":737481,"critical":0,"tested":103192728,"death_ratio":0.0028945177913846003,"recovery_ratio":0.9933233482122413,"change":{"total_cases":0,"active_cases":0,"deaths":0,"recovered":0,"death_ratio":0,"recovery_ratio":0}},"tunisia":{"name":"Tunisia","iso3166a2":"TN","iso3166a3":"TUN","iso3166numeric":"","total_cases":718696,"active_cases":1366,"deaths":25407,"recovered":691923,"critical":53,"tested":3207178,"death_ratio":0.03535152554070149,"recovery_ratio":0.962747809922415,"change":{"total_cases":198,"active_cases":68,"deaths":4,"recovered":126,"death_ratio":-4.174823113017867e-6,"recovery_ratio":-8.99432794031485e-5}},"bulgaria":{"name":"Bulgaria","iso3166a2":"BG","iso3166a3":"BGR","iso3166numeric":"","total_cases":707885,"active_cases":99663,"deaths":29163,"recovered":579059,"critical":627,"tested":6767295,"death_ratio":0.041197369629247686,"recovery_ratio":0.818012812815641,"change":{"total_cases":2299,"active_cases":180,"deaths":103,"recovered":2016,"death_ratio":1.1745197923934692e-5,"recovery_ratio":0.0001918809944313482}},"belarus":{"name":"Belarus","iso3166a2":"BY","iso3166a3":"BLR","iso3166numeric":"","total_cases":667893,"active_cases":5574,"deaths":5210,"recovered":657109,"critical":0,"tested":10574547,"death_ratio":0.007800650703031773,"recovery_ratio":0.9838537011167957,"change":{"total_cases":1756,"active_cases":-369,"deaths":17,"recovered":2108,"death_ratio":4.957024404102749e-6,"recovery_ratio":0.0005709829972497804}},"croatia":{"name":"Croatia","iso3166a2":"HR","iso3166a3":"HRV","iso3166numeric":"","total_cases":639778,"active_cases":27221,"deaths":11383,"recovered":601174,"critical":320,"tested":3535311,"death_ratio":0.017792109137857195,"recovery_ratio":0.9396603196733867,"change":{"total_cases":4751,"active_cases":2114,"deaths":54,"recovered":2583,"death_ratio":-4.807718492907953e-5,"recovery_ratio":-0.002962592423264354}},"guatemala":{"name":"Guatemala","iso3166a2":"GT","iso3166a3":"GTM","iso3166numeric":"","total_cases":620853,"active_cases":1089,"deaths":16008,"recovered":603756,"critical":5,"tested":3166569,"death_ratio":0.02578388120859527,"recovery_ratio":0.9724620803958425,"change":{"total_cases":962,"active_cases":10,"deaths":16,"recovered":936,"death_ratio":-1.420264808275895e-5,"recovery_ratio":7.928469024642837e-7}},"ireland":{"name":"Ireland","iso3166a2":"IE","iso3166a3":"IRL","iso3166numeric":"","total_cases":606852,"active_cases":132471,"deaths":5788,"recovered":468593,"critical":118,"tested":9178076,"death_ratio":0.009537745611780137,"recovery_ratio":0.7721701502178455,"change":{"total_cases":4126,"active_cases":872,"deaths":81,"recovered":3173,"death_ratio":6.909816667241032e-5,"recovery_ratio":-2.1525601681116058e-5}},"azerbaijan":{"name":"Azerbaijan","iso3166a2":"AZ","iso3166a3":"AZE","iso3166numeric":"","total_cases":599713,"active_cases":22456,"deaths":8019,"recovered":569238,"critical":0,"tested":5633054,"death_ratio":0.013371395984412544,"recovery_ratio":0.9491840263592752,"change":{"total_cases":1210,"active_cases":-658,"deaths":15,"recovered":1853,"death_ratio":-1.970565128560711e-6,"recovery_ratio":0.001177082367348703}},"sri_lanka":{"name":"Sri Lanka","iso3166a2":"LK","iso3166a3":"LKA","iso3166numeric":"","total_cases":569928,"active_cases":11928,"deaths":14533,"recovered":543467,"critical":0,"tested":5695096,"death_ratio":0.025499712244353673,"recovery_ratio":0.9535713283081372,"change":{"total_cases":757,"active_cases":373,"deaths":28,"recovered":356,"death_ratio":1.527962217158854e-5,"recovery_ratio":-0.0006427830924787825}},"costa_rica":{"name":"Costa Rica","iso3166a2":"CR","iso3166a3":"CRI","iso3166numeric":"","total_cases":567706,"active_cases":3601,"deaths":7324,"recovered":556781,"critical":73,"tested":2715029,"death_ratio":0.01290104385016188,"recovery_ratio":0.9807558842076709,"change":{"total_cases":92,"active_cases":-1046,"deaths":6,"recovered":1132,"death_ratio":8.479537089968459e-6,"recovery_ratio":0.0018353501827877983}},"saudi_arabia":{"name":"Saudi Arabia","iso3166a2":"SA","iso3166a3":"SAU","iso3166numeric":"","total_cases":550043,"active_cases":1989,"deaths":8849,"recovered":539205,"critical":29,"tested":31825816,"death_ratio":0.016087833133045962,"recovery_ratio":0.9802960859423718,"change":{"total_cases":46,"active_cases":-20,"deaths":2,"recovered":64,"death_ratio":2.2908482698626165e-6,"recovery_ratio":3.437542395079429e-5}},"bolivia":{"name":"Bolivia","iso3166a2":"BO","iso3166a3":"BOL","iso3166numeric":"","total_cases":546155,"active_cases":27327,"deaths":19264,"recovered":499564,"critical":220,"tested":2593083,"death_ratio":0.035272038157665865,"recovery_ratio":0.9146927154379252,"change":{"total_cases":1489,"active_cases":690,"deaths":17,"recovered":782,"death_ratio":-6.521439711082433e-5,"recovery_ratio":-0.0010648313889375371}},"denmark":{"name":"Denmark","iso3166a2":"DK","iso3166a3":"DNK","iso3166numeric":"","total_cases":535009,"active_cases":72562,"deaths":2985,"recovered":459462,"critical":66,"tested":96901673,"death_ratio":0.00557934539418963,"recovery_ratio":0.8587930296499685,"change":{"total_cases":6712,"active_cases":2288,"deaths":7,"recovered":4417,"death_ratio":-5.763531931054101e-5,"recovery_ratio":-0.0025501163455605713}},"ecuador":{"name":"Ecuador","iso3166a2":"EC","iso3166a3":"ECU","iso3166numeric":"","total_cases":529456,"active_cases":52088,"deaths":33488,"recovered":443880,"critical":759,"tested":2047260,"death_ratio":0.06324982623674111,"recovery_ratio":0.8383699495331057,"change":{"total_cases":107,"active_cases":103,"deaths":4,"recovered":0,"death_ratio":-5.2285569772103635e-6,"recovery_ratio":-0.0001694639729177272}},"myanmar":{"name":"Myanmar","iso3166a2":"MM","iso3166a3":"MMR","iso3166numeric":"","total_cases":525403,"active_cases":4726,"deaths":19157,"recovered":501520,"critical":0,"tested":5734899,"death_ratio":0.036461535240567715,"recovery_ratio":0.9545434647308828,"change":{"total_cases":765,"active_cases":-65,"deaths":11,"recovered":819,"death_ratio":-3.219948699681452e-5,"recovery_ratio":0.00016921048319207266}},"south_korea":{"name":"South Korea","iso3166a2":"KR","iso3166a3":"KOR","iso3166numeric":"","total_cases":489484,"active_cases":71724,"deaths":4020,"recovered":413740,"critical":840,"tested":15804065,"death_ratio":0.008212730140311021,"recovery_ratio":0.8452574547891248,"change":{"total_cases":7174,"active_cases":4729,"deaths":63,"recovered":2382,"death_ratio":8.46317508118935e-6,"recovery_ratio":-0.0076338391919247295}},"lithuania":{"name":"Lithuania","iso3166a2":"LT","iso3166a3":"LTU","iso3166numeric":"","total_cases":484537,"active_cases":28212,"deaths":6901,"recovered":449424,"critical":130,"tested":6285547,"death_ratio":0.014242462391932918,"recovery_ratio":0.9275328819058194,"change":{"total_cases":2079,"active_cases":670,"deaths":15,"recovered":1394,"death_ratio":-3.028259312277612e-5,"recovery_ratio":-0.0011075386074688165}},"panama":{"name":"Panama","iso3166a2":"PA","iso3166a3":"PAN","iso3166numeric":"","total_cases":479563,"active_cases":2995,"deaths":7379,"recovered":469189,"critical":20,"tested":4281343,"death_ratio":0.015386925179799109,"recovery_ratio":0.9783678056897633,"change":{"total_cases":510,"active_cases":154,"deaths":5,"recovered":351,"death_ratio":-5.943667697932975e-6,"recovery_ratio":-0.00030887517853306345}},"paraguay":{"name":"Paraguay","iso3166a2":"PY","iso3166a3":"PRY","iso3166numeric":"","total_cases":463479,"active_cases":691,"deaths":16484,"recovered":446304,"critical":55,"tested":1967048,"death_ratio":0.03556579694009869,"recovery_ratio":0.9629433048746545,"change":{"total_cases":52,"active_cases":-23,"deaths":5,"recovered":70,"death_ratio":6.798435479841991e-6,"recovery_ratio":4.2999109129415736e-5}},"venezuela":{"name":"Venezuela","iso3166a2":"VE","iso3166a3":"VEN","iso3166numeric":"","total_cases":435825,"active_cases":7324,"deaths":5208,"recovered":423293,"critical":681,"tested":3359014,"death_ratio":0.011949750473240405,"recovery_ratio":0.9712453392990306,"change":{"total_cases":364,"active_cases":-86,"deaths":6,"recovered":444,"death_ratio":3.789755747909268e-6,"recovery_ratio":0.00020774925078281825}},"slovenia":{"name":"Slovenia","iso3166a2":"SI","iso3166a3":"SVN","iso3166numeric":"","total_cases":434679,"active_cases":25994,"deaths":5354,"recovered":403331,"critical":259,"tested":1977557,"death_ratio":0.0123171351733118,"recovery_ratio":0.9278824143793466,"change":{"total_cases":1886,"active_cases":-1291,"deaths":18,"recovered":3159,"death_ratio":-1.2084569151686597e-5,"recovery_ratio":0.0032556297502052134}},"palestine":{"name":"Palestine","iso3166a2":"PS","iso3166a3":"PSE","iso3166numeric":"","total_cases":432602,"active_cases":3628,"deaths":4555,"recovered":424419,"critical":58,"tested":2765962,"death_ratio":0.01052930869482804,"recovery_ratio":0.9810842298463714,"change":{"total_cases":337,"active_cases":89,"deaths":1,"recovered":247,"death_ratio":-5.8954045091715035e-6,"recovery_ratio":-0.0001934586086271839}},"kuwait":{"name":"Kuwait","iso3166a2":"KW","iso3166a3":"KWT","iso3166numeric":"","total_cases":413588,"active_cases":336,"deaths":2466,"recovered":410786,"critical":2,"tested":5494872,"death_ratio":0.005962455390388503,"recovery_ratio":0.9932251419286826,"change":{"total_cases":64,"active_cases":23,"deaths":1,"recovered":40,"death_ratio":1.495446104737147e-6,"recovery_ratio":-5.698921727259609e-5}},"dominican_republic":{"name":"Dominican Republic","iso3166a2":"DO","iso3166a3":"DOM","iso3166numeric":"","total_cases":409232,"active_cases":1607,"deaths":4212,"recovered":403413,"critical":139,"tested":2489104,"death_ratio":0.01029245024826993,"recovery_ratio":0.9857806818626109,"change":{"total_cases":230,"active_cases":74,"deaths":0,"recovered":156,"death_ratio":-5.787902154762506e-6,"recovery_ratio":-0.00017293205614743457}},"uruguay":{"name":"Uruguay","iso3166a2":"UY","iso3166a3":"URY","iso3166numeric":"","total_cases":401340,"active_cases":2104,"deaths":6137,"recovered":393099,"critical":17,"tested":4167966,"death_ratio":0.01529127423132506,"recovery_ratio":0.9794662879354163,"change":{"total_cases":237,"active_cases":17,"deaths":1,"recovered":219,"death_ratio":-6.5420403059165966e-6,"recovery_ratio":-3.274348544068939e-5}},"mongolia":{"name":"Mongolia","iso3166a2":"MN","iso3166a3":"MNG","iso3166numeric":"","total_cases":384288,"active_cases":69009,"deaths":2023,"recovered":313256,"critical":192,"tested":4030048,"death_ratio":0.0052642809559497045,"recovery_ratio":0.8151594637355317,"change":{"total_cases":310,"active_cases":307,"deaths":3,"recovered":0,"death_ratio":3.5628939774037457e-6,"recovery_ratio":-0.000658109146247976}},"honduras":{"name":"Honduras","iso3166a2":"HN","iso3166a3":"HND","iso3166numeric":"","total_cases":378397,"active_cases":245607,"deaths":10416,"recovered":122374,"critical":52,"tested":1124574,"death_ratio":0.027526645295813657,"recovery_ratio":0.3234010840466494,"change":{"total_cases":46,"active_cases":-126,"deaths":0,"recovered":172,"death_ratio":-3.346695749733425e-6,"recovery_ratio":0.0004152851456289408}},"libya":{"name":"Libya","iso3166a2":"LY","iso3166a3":"LBY","iso3166numeric":"","total_cases":376378,"active_cases":11127,"deaths":5518,"recovered":359733,"critical":0,"tested":1938107,"death_ratio":0.014660793138812576,"recovery_ratio":0.9557758423712331,"change":{"total_cases":509,"active_cases":-934,"deaths":4,"recovered":1439,"death_ratio":-9.211570274898773e-6,"recovery_ratio":0.0025341544427260887}},"ethiopia":{"name":"Ethiopia","iso3166a2":"ET","iso3166a3":"ETH","iso3166numeric":"","total_cases":372588,"active_cases":15794,"deaths":6816,"recovered":349978,"critical":183,"tested":3914164,"death_ratio":0.018293664852330187,"recovery_ratio":0.9393163494261758,"change":{"total_cases":126,"active_cases":-14,"deaths":8,"recovered":132,"death_ratio":1.52901456486991e-5,"recovery_ratio":3.663767034567389e-5}},"moldova":{"name":"Moldova","iso3166a2":"MD","iso3166a3":"MDA","iso3166numeric":"","total_cases":367948,"active_cases":6177,"deaths":9293,"recovered":352478,"critical":234,"tested":2241776,"death_ratio":0.025256286214356376,"recovery_ratio":0.9579560155239327,"change":{"total_cases":609,"active_cases":-311,"deaths":23,"recovered":897,"death_ratio":2.0740846181473843e-5,"recovery_ratio":0.0008537203687762895}},"egypt":{"name":"Egypt","iso3166a2":"EG","iso3166a3":"EGY","iso3166numeric":"","total_cases":364922,"active_cases":40733,"deaths":20821,"recovered":303368,"critical":90,"tested":3693367,"death_ratio":0.05705602841155096,"recovery_ratio":0.8313228580354158,"change":{"total_cases":889,"active_cases":-271,"deaths":51,"recovered":1109,"death_ratio":7.614439958211761e-7,"recovery_ratio":0.0010162649518217215}},"armenia":{"name":"Armenia","iso3166a2":"AM","iso3166a3":"ARM","iso3166numeric":"","total_cases":341468,"active_cases":10926,"deaths":7728,"recovered":322814,"critical":0,"tested":2419770,"death_ratio":0.022631696088652523,"recovery_ratio":0.9453711621586796,"change":{"total_cases":410,"active_cases":-8,"deaths":10,"recovered":408,"death_ratio":2.1140234319448614e-6,"recovery_ratio":5.980749173140065e-5}},"oman":{"name":"Oman","iso3166a2":"OM","iso3166a3":"OMN","iso3166numeric":"","total_cases":304654,"active_cases":484,"deaths":4113,"recovered":300057,"critical":1,"tested":25000000,"death_ratio":0.01350056129248262,"recovery_ratio":0.9849107512128513,"change":{"total_cases":23,"active_cases":16,"deaths":0,"recovered":7,"death_ratio":-1.0193083098148509e-6,"recovery_ratio":-5.138330399034885e-5}},"norway":{"name":"Norway","iso3166a2":"NO","iso3166a3":"NOR","iso3166numeric":"","total_cases":294754,"active_cases":204668,"deaths":1134,"recovered":88952,"critical":90,"tested":8744427,"death_ratio":0.00384727603357376,"recovery_ratio":0.30178386043955296,"change":{"total_cases":5143,"active_cases":5105,"deaths":38,"recovered":0,"death_ratio":6.2889390801213e-5,"recovery_ratio":-0.005359169348680193}},"bosnia_and_herzegovina":{"name":"Bosnia and Herzegovina","iso3166a2":"BA","iso3166a3":"BIH","iso3166numeric":"","total_cases":279820,"active_cases":74748,"deaths":12854,"recovered":192218,"critical":0,"tested":1420452,"death_ratio":0.0459366735758702,"recovery_ratio":0.6869344578657709,"change":{"total_cases":641,"active_cases":601,"deaths":40,"recovered":0,"death_ratio":3.7805824355939543e-5,"recovery_ratio":-0.0015772138573888483}},"bahrain":{"name":"Bahrain","iso3166a2":"BH","iso3166a3":"BHR","iso3166numeric":"","total_cases":277894,"active_cases":335,"deaths":1394,"recovered":276165,"critical":1,"tested":7530988,"death_ratio":0.005016301179586461,"recovery_ratio":0.9937782031997812,"change":{"total_cases":38,"active_cases":21,"deaths":0,"recovered":17,"death_ratio":-6.860368134010281e-7,"recovery_ratio":-7.472781484507696e-5}},"singapore":{"name":"Singapore","iso3166a2":"SG","iso3166a3":"SGP","iso3166numeric":"","total_cases":271297,"active_cases":8885,"deaths":774,"recovered":261638,"critical":43,"tested":21098774,"death_ratio":0.002852961883102283,"recovery_ratio":0.9643969524174613,"change":{"total_cases":709,"active_cases":706,"deaths":3,"recovered":0,"death_ratio":3.6115793194098703e-6,"recovery_ratio":-0.0025269318641772953}},"latvia":{"name":"Latvia","iso3166a2":"LV","iso3166a3":"LVA","iso3166numeric":"","total_cases":259215,"active_cases":11139,"deaths":4325,"recovered":243751,"critical":124,"tested":5411804,"death_ratio":0.016684991223501727,"recovery_ratio":0.9403429585479235,"change":{"total_cases":796,"active_cases":771,"deaths":25,"recovered":0,"death_ratio":4.5347853625674756e-5,"recovery_ratio":-0.0028965091382761043}},"kenya":{"name":"Kenya","iso3166a2":"KE","iso3166a3":"KEN","iso3166numeric":"","total_cases":255652,"active_cases":1842,"deaths":5337,"recovered":248473,"critical":2,"tested":2868498,"death_ratio":0.020876034609547352,"recovery_ratio":0.971918858448203,"change":{"total_cases":108,"active_cases":87,"deaths":0,"recovered":21,"death_ratio":-8.822792700400456e-6,"recovery_ratio":-0.0003285823056397019}},"qatar":{"name":"Qatar","iso3166a2":"QA","iso3166a3":"QAT","iso3166numeric":"","total_cases":244708,"active_cases":2300,"deaths":611,"recovered":241797,"critical":12,"tested":3038598,"death_ratio":0.0024968533926148714,"recovery_ratio":0.9881041894829756,"change":{"total_cases":163,"active_cases":45,"deaths":0,"recovered":118,"death_ratio":-1.6642626224057724e-6,"recovery_ratio":-0.0001760861309195727}},"estonia":{"name":"Estonia","iso3166a2":"EE","iso3166a3":"EST","iso3166numeric":"","total_cases":226304,"active_cases":14255,"deaths":1836,"recovered":210213,"critical":30,"tested":2378427,"death_ratio":0.00811298076923077,"recovery_ratio":0.9288965285633484,"change":{"total_cases":467,"active_cases":-576,"deaths":10,"recovered":1033,"death_ratio":2.750319026895154e-5,"recovery_ratio":0.002653264616342299}},"australia":{"name":"Australia","iso3166a2":"AU","iso3166a3":"AUS","iso3166numeric":"","total_cases":222261,"active_cases":18030,"deaths":2072,"recovered":202159,"critical":78,"tested":49250521,"death_ratio":0.009322373245868596,"recovery_ratio":0.9095567823414814,"change":{"total_cases":1702,"active_cases":-3186,"deaths":7,"recovered":4881,"death_ratio":-4.0200940630254894e-5,"recovery_ratio":0.015111305167573308}},"north_macedonia":{"name":"North Macedonia","iso3166a2":"MK","iso3166a3":"MKD","iso3166numeric":"","total_cases":218194,"active_cases":5821,"deaths":7688,"recovered":204685,"critical":0,"tested":1491973,"death_ratio":0.03523469939595039,"recovery_ratio":0.9380872067976205,"change":{"total_cases":419,"active_cases":194,"deaths":14,"recovered":211,"death_ratio":-3.505172985439342e-6,"recovery_ratio":-0.0008359937534069273}},"nigeria":{"name":"Nigeria","iso3166a2":"NG","iso3166a3":"NGA","iso3166numeric":"","total_cases":214896,"active_cases":4421,"deaths":2980,"recovered":207495,"critical":11,"tested":3580510,"death_ratio":0.013867172958082048,"recovery_ratio":0.9655600848782667,"change":{"total_cases":107,"active_cases":90,"deaths":0,"recovered":17,"death_ratio":-6.908116833334588e-6,"recovery_ratio":-0.00040185916914725617}},"algeria":{"name":"Algeria","iso3166a2":"DZ","iso3166a3":"DZA","iso3166numeric":"","total_cases":212047,"active_cases":60248,"deaths":6122,"recovered":145677,"critical":19,"tested":230861,"death_ratio":0.02887095785368338,"recovery_ratio":0.6870033530302244,"change":{"total_cases":188,"active_cases":14,"deaths":8,"recovered":166,"death_ratio":1.2141376686886779e-5,"recovery_ratio":0.00017390514271431456}},"zambia":{"name":"Zambia","iso3166a2":"ZM","iso3166a3":"ZMB","iso3166numeric":"","total_cases":210436,"active_cases":267,"deaths":3668,"recovered":206501,"critical":11,"tested":2757015,"death_ratio":0.01743047767492254,"recovery_ratio":0.9813007280123173,"change":{"total_cases":62,"active_cases":50,"deaths":0,"recovered":12,"death_ratio":-5.136992289187653e-6,"recovery_ratio":-0.00023216103290690793}},"albania":{"name":"Albania","iso3166a2":"AL","iso3166a3":"ALB","iso3166numeric":"","total_cases":202641,"active_cases":5982,"deaths":3126,"recovered":193533,"critical":23,"tested":1411627,"death_ratio":0.015426295764430692,"recovery_ratio":0.9550535182909677,"change":{"total_cases":739,"active_cases":-377,"deaths":11,"recovered":1105,"death_ratio":-1.98132049169554e-6,"recovery_ratio":0.0019772733800703657}},"finland":{"name":"Finland","iso3166a2":"FI","iso3166a3":"FIN","iso3166numeric":"","total_cases":197476,"active_cases":150081,"deaths":1395,"recovered":46000,"critical":60,"tested":8105751,"death_ratio":0.007064149567542385,"recovery_ratio":0.23293969900139763,"change":{"total_cases":1296,"active_cases":1285,"deaths":11,"recovered":0,"death_ratio":9.403925784815838e-6,"recovery_ratio":-0.0015388411148221648}},"botswana":{"name":"Botswana","iso3166a2":"BW","iso3166a3":"BWA","iso3166numeric":"","total_cases":195552,"active_cases":680,"deaths":2420,"recovered":192452,"critical":1,"tested":1905739,"death_ratio":0.012375225004090983,"recovery_ratio":0.9841474390443462,"change":{"total_cases":0,"active_cases":0,"deaths":0,"recovered":0,"death_ratio":0,"recovery_ratio":0}},"uzbekistan":{"name":"Uzbekistan","iso3166a2":"UZ","iso3166a3":"UZB","iso3166numeric":"","total_cases":194904,"active_cases":1877,"deaths":1425,"recovered":191602,"critical":23,"tested":1377915,"death_ratio":0.0073112917128432455,"recovery_ratio":0.9830583261503099,"change":{"total_cases":201,"active_cases":-125,"deaths":1,"recovered":325,"death_ratio":-2.4117226456784463e-6,"recovery_ratio":0.0006543570281083433}},"kyrgyzstan":{"name":"Kyrgyzstan","iso3166a2":"KG","iso3166a3":"KGZ","iso3166numeric":"","total_cases":183744,"active_cases":2205,"deaths":2762,"recovered":178777,"critical":131,"tested":1856320,"death_ratio":0.015031783350748867,"recovery_ratio":0.9729678247997213,"change":{"total_cases":32,"active_cases":-35,"deaths":0,"recovered":67,"death_ratio":-2.618321433679391e-6,"recovery_ratio":0.0001952242074899635}},"montenegro":{"name":"Montenegro","iso3166a2":"ME","iso3166a3":"MNE","iso3166numeric":"","total_cases":159034,"active_cases":2200,"deaths":2339,"recovered":154495,"critical":60,"tested":921892,"death_ratio":0.014707546813888854,"recovery_ratio":0.9714589333098582,"change":{"total_cases":196,"active_cases":191,"deaths":5,"recovered":0,"death_ratio":1.3330064748219572e-5,"recovery_ratio":-0.0011987430648128239}},"afghanistan":{"name":"Afghanistan","iso3166a2":"AF","iso3166a3":"AFG","iso3166numeric":"","total_cases":157542,"active_cases":8735,"deaths":7317,"recovered":141490,"critical":1124,"tested":799864,"death_ratio":0.0464447575884526,"recovery_ratio":0.898109710426426,"change":{"total_cases":34,"active_cases":-545,"deaths":0,"recovered":579,"death_ratio":-1.0025660652203394e-5,"recovery_ratio":0.0034821359540182506}},"mozambique":{"name":"Mozambique","iso3166a2":"MZ","iso3166a3":"MOZ","iso3166numeric":"","total_cases":152326,"active_cases":802,"deaths":1941,"recovered":149583,"critical":8,"tested":991897,"death_ratio":0.012742407730787915,"recovery_ratio":0.9819925685700406,"change":{"total_cases":206,"active_cases":198,"deaths":0,"recovered":8,"death_ratio":-1.7255692825022054e-5,"recovery_ratio":-0.0012772184402144449}},"zimbabwe":{"name":"Zimbabwe","iso3166a2":"ZW","iso3166a3":"ZWE","iso3166numeric":"","total_cases":145632,"active_cases":11908,"deaths":4718,"recovered":129006,"critical":12,"tested":1643376,"death_ratio":0.032396725994286966,"recovery_ratio":0.8858355306526038,"change":{"total_cases":4031,"active_cases":3986,"deaths":5,"recovered":40,"death_ratio":-0.0008869372566787728,"recovery_ratio":-0.0249348735112086}},"cyprus":{"name":"Cyprus","iso3166a2":"CY","iso3166a3":"CYP","iso3166numeric":"","total_cases":138733,"active_cases":13758,"deaths":605,"recovered":124370,"critical":43,"tested":9477138,"death_ratio":0.004360894668175561,"recovery_ratio":0.896470198150404,"change":{"total_cases":576,"active_cases":573,"deaths":3,"recovered":0,"death_ratio":3.533115738840395e-6,"recovery_ratio":-0.0037375365282587003}},"ghana":{"name":"Ghana","iso3166a2":"GH","iso3166a3":"GHA","iso3166numeric":"","total_cases":131246,"active_cases":692,"deaths":1228,"recovered":129326,"critical":5,"tested":1933408,"death_ratio":0.009356475625923838,"recovery_ratio":0.9853709827347119,"change":{"total_cases":0,"active_cases":0,"deaths":0,"recovered":0,"death_ratio":0,"recovery_ratio":0}},"namibia":{"name":"Namibia","iso3166a2":"NA","iso3166a3":"NAM","iso3166numeric":"","total_cases":130051,"active_cases":937,"deaths":3574,"recovered":125540,"critical":1,"tested":803205,"death_ratio":0.027481526478073986,"recovery_ratio":0.9653136077385026,"change":{"total_cases":0,"active_cases":0,"deaths":0,"recovered":0,"death_ratio":0,"recovery_ratio":0}},"uganda":{"name":"Uganda","iso3166a2":"UG","iso3166a3":"UGA","iso3166numeric":"","total_cases":127822,"active_cases":26864,"deaths":3261,"recovered":97697,"critical":100,"tested":1998517,"death_ratio":0.025512040180876532,"recovery_ratio":0.7643206959678303,"change":{"total_cases":66,"active_cases":55,"deaths":3,"recovered":8,"death_ratio":1.0302493409799357e-5,"recovery_ratio":-0.0003322361840842891}},"cambodia":{"name":"Cambodia","iso3166a2":"KH","iso3166a3":"KHM","iso3166numeric":"","total_cases":120300,"active_cases":674,"deaths":2971,"recovered":116655,"critical":0,"tested":2725832,"death_ratio":0.024696591853699084,"recovery_ratio":0.9697007481296758,"change":{"total_cases":14,"active_cases":-3,"deaths":4,"recovered":13,"death_ratio":3.0379659428762112e-5,"recovery_ratio":-4.787011570916988e-6}},"el_salvador":{"name":"El Salvador","iso3166a2":"SV","iso3166a3":"SLV","iso3166numeric":"","total_cases":119803,"active_cases":13031,"deaths":3790,"recovered":102982,"critical":246,"tested":1440742,"death_ratio":0.03163526789813277,"recovery_ratio":0.8595945009724297,"change":{"total_cases":0,"active_cases":-1,"deaths":1,"recovered":0,"death_ratio":8.34703638473433e-6,"recovery_ratio":0}},"cameroon":{"name":"Cameroon","iso3166a2":"CM","iso3166a3":"CMR","iso3166numeric":"","total_cases":107549,"active_cases":3010,"deaths":1823,"recovered":102716,"critical":152,"tested":1751774,"death_ratio":0.016950413299984195,"recovery_ratio":0.9550623436759058,"change":{"total_cases":401,"active_cases":382,"deaths":19,"recovered":0,"death_ratio":0.00011388811985950723,"recovery_ratio":-0.003574308431459672}},"rwanda":{"name":"Rwanda","iso3166a2":"RW","iso3166a3":"RWA","iso3166numeric":"","total_cases":100449,"active_cases":53584,"deaths":1343,"recovered":45522,"critical":0,"tested":3578143,"death_ratio":0.013369968839908809,"recovery_ratio":0.45318519845891947,"change":{"total_cases":20,"active_cases":20,"deaths":0,"recovered":0,"death_ratio":-2.6625713369470005e-6,"recovery_ratio":-9.024986775907351e-5}},"maldives":{"name":"Maldives","iso3166a2":"MV","iso3166a3":"MDV","iso3166numeric":"","total_cases":92629,"active_cases":1889,"deaths":255,"recovered":90485,"critical":23,"tested":1782706,"death_ratio":0.002752917552818232,"recovery_ratio":0.9768539010461087,"change":{"total_cases":128,"active_cases":44,"deaths":0,"recovered":84,"death_ratio":-3.8094014849650824e-6,"recovery_ratio":-0.000443641683159135}},"luxembourg":{"name":"Luxembourg","iso3166a2":"LU","iso3166a3":"LUX","iso3166numeric":"","total_cases":92574,"active_cases":5727,"deaths":889,"recovered":85958,"critical":21,"tested":3723873,"death_ratio":0.00960312830816428,"recovery_ratio":0.9285328493961588,"change":{"total_cases":666,"active_cases":499,"deaths":1,"recovered":166,"death_ratio":-5.870744062799055e-5,"recovery_ratio":-0.004922344928600775}},"jamaica":{"name":"Jamaica","iso3166a2":"JM","iso3166a3":"JAM","iso3166numeric":"","total_cases":91578,"active_cases":25903,"deaths":2415,"recovered":63260,"critical":9,"tested":679377,"death_ratio":0.026370962458232325,"recovery_ratio":0.6907772609141933,"change":{"total_cases":24,"active_cases":-17,"deaths":4,"recovered":37,"death_ratio":3.6777168676435656e-5,"recovery_ratio":0.0002230524689041946}},"laos":{"name":"Laos","iso3166a2":"LA","iso3166a3":"LAO","iso3166numeric":"","total_cases":83291,"active_cases":75733,"deaths":219,"recovered":7339,"critical":0,"tested":837097,"death_ratio":0.002629335702536889,"recovery_ratio":0.08811276128273163,"change":{"total_cases":1209,"active_cases":1204,"deaths":5,"recovered":0,"death_ratio":2.2186753924525668e-5,"recovery_ratio":-0.0012978281278577808}},"trinidad_and_tobago":{"name":"Trinidad and Tobago","iso3166a2":"TT","iso3166a3":"TTO","iso3166numeric":"","total_cases":76601,"active_cases":12902,"deaths":2303,"recovered":61396,"critical":22,"tested":459629,"death_ratio":0.030064881659508363,"recovery_ratio":0.8015038968159685,"change":{"total_cases":0,"active_cases":0,"deaths":0,"recovered":0,"death_ratio":0,"recovery_ratio":0}},"senegal":{"name":"Senegal","iso3166a2":"SN","iso3166a3":"SEN","iso3166numeric":"","total_cases":74043,"active_cases":37,"deaths":1886,"recovered":72120,"critical":2,"tested":884545,"death_ratio":0.02547168537201356,"recovery_ratio":0.9740286049997974,"change":{"total_cases":7,"active_cases":-1,"deaths":0,"recovered":8,"death_ratio":-2.4083121400939045e-6,"recovery_ratio":1.5962501553223873e-5}},"angola":{"name":"Angola","iso3166a2":"AO","iso3166a3":"AGO","iso3166numeric":"","total_cases":65301,"active_cases":215,"deaths":1735,"recovered":63351,"critical":3,"tested":1192540,"death_ratio":0.026569271527235417,"recovery_ratio":0.970138282721551,"change":{"total_cases":42,"active_cases":16,"deaths":0,"recovered":26,"death_ratio":-1.7099701254141147e-5,"recovery_ratio":-0.00022595822605775417}},"reunion":{"name":"R\u00e9union","iso3166a2":"RE","iso3166a3":"REU","iso3166numeric":"","total_cases":63863,"active_cases":3787,"deaths":391,"recovered":59685,"critical":34,"tested":1347378,"death_ratio":0.006122480935753096,"recovery_ratio":0.9345787075458403,"change":{"total_cases":2675,"active_cases":764,"deaths":7,"recovered":1904,"death_ratio":-0.00015325940549028479,"recovery_ratio":-0.009740439999430084}},"malawi":{"name":"Malawi","iso3166a2":"MW","iso3166a3":"MWI","iso3166numeric":"","total_cases":62053,"active_cases":920,"deaths":2307,"recovered":58826,"critical":67,"tested":448167,"death_ratio":0.03717789631444088,"recovery_ratio":0.9479960678774596,"change":{"total_cases":38,"active_cases":38,"deaths":0,"recovered":0,"death_ratio":-2.278094106182571e-5,"recovery_ratio":-0.0005808893103175228}},"ivory_coast":{"name":"Ivory Coast","iso3166a2":"CI","iso3166a3":"CIV","iso3166numeric":"","total_cases":61844,"active_cases":248,"deaths":706,"recovered":60890,"critical":0,"tested":1164056,"death_ratio":0.011415820451458508,"recovery_ratio":0.984574089644913,"change":{"total_cases":18,"active_cases":3,"deaths":0,"recovered":15,"death_ratio":-3.323597970535455e-6,"recovery_ratio":-4.403218085613503e-5}},"guadeloupe":{"name":"Guadeloupe","iso3166a2":"GP","iso3166a3":"GLP","iso3166numeric":"","total_cases":55284,"active_cases":52286,"deaths":748,"recovered":2250,"critical":23,"tested":551264,"death_ratio":0.013530135301353014,"recovery_ratio":0.04069893640112872,"change":{"total_cases":0,"active_cases":0,"deaths":0,"recovered":0,"death_ratio":0,"recovery_ratio":0}},"fiji":{"name":"Fiji","iso3166a2":"FJ","iso3166a3":"FJI","iso3166numeric":"","total_cases":52567,"active_cases":729,"deaths":697,"recovered":51141,"critical":0,"tested":463859,"death_ratio":0.013259269123214184,"recovery_ratio":0.9728727148210855,"change":{"total_cases":5,"active_cases":-11,"deaths":0,"recovered":16,"death_ratio":-1.2612980026648762e-6,"recovery_ratio":0.00021185716726712656}},"suriname":{"name":"Suriname","iso3166a2":"SR","iso3166a3":"SUR","iso3166numeric":"","total_cases":51083,"active_cases":20325,"deaths":1175,"recovered":29583,"critical":10,"tested":162191,"death_ratio":0.023001781414560617,"recovery_ratio":0.5791163400739973,"change":{"total_cases":31,"active_cases":24,"deaths":1,"recovered":6,"death_ratio":5.620637313887011e-6,"recovery_ratio":-0.00023412611733708566}},"eswatini":{"name":"Eswatini","iso3166a2":"SZ","iso3166a3":"SWZ","iso3166numeric":"","total_cases":49253,"active_cases":2709,"deaths":1248,"recovered":45296,"critical":11,"tested":398080,"death_ratio":0.025338558057377215,"recovery_ratio":0.9196597161594218,"change":{"total_cases":895,"active_cases":883,"deaths":0,"recovered":12,"death_ratio":-0.00046896086400084053,"recovery_ratio":-0.016772725215324913}},"syria":{"name":"Syria","iso3166a2":"SY","iso3166a3":"SYR","iso3166numeric":"","total_cases":48801,"active_cases":16048,"deaths":2788,"recovered":29965,"critical":0,"tested":113162,"death_ratio":0.057129976844736786,"recovery_ratio":0.6140243027806808,"change":{"total_cases":92,"active_cases":-29,"deaths":6,"recovered":115,"death_ratio":1.5275249549036307e-5,"recovery_ratio":0.0012012105390005745}},"french_polynesia":{"name":"French Polynesia","iso3166a2":"PF","iso3166a3":"PYF","iso3166numeric":"","total_cases":46324,"active_cases":45688,"deaths":636,"recovered":0,"critical":7,"tested":0,"death_ratio":0.01372938433641309,"recovery_ratio":0,"change":{"total_cases":0,"active_cases":0,"deaths":0,"recovered":0,"death_ratio":0,"recovery_ratio":0}},"french_guiana":{"name":"French Guiana","iso3166a2":"GF","iso3166a3":"GUF","iso3166numeric":"","total_cases":46261,"active_cases":34678,"deaths":329,"recovered":11254,"critical":8,"tested":459368,"death_ratio":0.007111822053133309,"recovery_ratio":0.2432718704740494,"change":{"total_cases":56,"active_cases":56,"deaths":0,"recovered":0,"death_ratio":-8.619457525710535e-6,"recovery_ratio":-0.00029484308508920254}},"martinique":{"name":"Martinique","iso3166a2":"MQ","iso3166a3":"MTQ","iso3166numeric":"","total_cases":45501,"active_cases":44679,"deaths":718,"recovered":104,"critical":1,"tested":416247,"death_ratio":0.01577987296982484,"recovery_ratio":0.002285664051339531,"change":{"total_cases":0,"active_cases":0,"deaths":0,"recovered":0,"death_ratio":0,"recovery_ratio":0}},"madagascar":{"name":"Madagascar","iso3166a2":"MG","iso3166a3":"MDG","iso3166numeric":"","total_cases":44800,"active_cases":709,"deaths":972,"recovered":43119,"critical":22,"tested":290447,"death_ratio":0.02169642857142857,"recovery_ratio":0.9624776785714285,"change":{"total_cases":0,"active_cases":0,"deaths":0,"recovered":0,"death_ratio":0,"recovery_ratio":0}},"sudan":{"name":"Sudan","iso3166a2":"SD","iso3166a3":"SDN","iso3166numeric":"","total_cases":44247,"active_cases":5260,"deaths":3201,"recovered":35786,"critical":0,"tested":238579,"death_ratio":0.07234388772120144,"recovery_ratio":0.8087779962483332,"change":{"total_cases":77,"active_cases":76,"deaths":1,"recovered":0,"death_ratio":-0.00010347474200887719,"recovery_ratio":-0.0014099140980556868}},"malta":{"name":"Malta","iso3166a2":"MT","iso3166a3":"MLT","iso3166numeric":"","total_cases":40188,"active_cases":1775,"deaths":468,"recovered":37945,"critical":4,"tested":1211456,"death_ratio":0.011645267243953419,"recovery_ratio":0.9441873195978899,"change":{"total_cases":87,"active_cases":26,"deaths":0,"recovered":61,"death_ratio":-2.5264662981569486e-5,"recovery_ratio":-0.0005272760481039862}},"mauritania":{"name":"Mauritania","iso3166a2":"MR","iso3166a3":"MRT","iso3166numeric":"","total_cases":39621,"active_cases":719,"deaths":844,"recovered":38058,"critical":15,"tested":517995,"death_ratio":0.021301834885540497,"recovery_ratio":0.9605512228363746,"change":{"total_cases":0,"active_cases":0,"deaths":0,"recovered":0,"death_ratio":0,"recovery_ratio":0}},"cabo_verde":{"name":"Cabo Verde","iso3166a2":"CV","iso3166a3":"CPV","iso3166numeric":"","total_cases":38460,"active_cases":125,"deaths":351,"recovered":37984,"critical":23,"tested":211166,"death_ratio":0.009126365054602185,"recovery_ratio":0.9876235049401976,"change":{"total_cases":0,"active_cases":0,"deaths":0,"recovered":0,"death_ratio":0,"recovery_ratio":0}},"guyana":{"name":"Guyana","iso3166a2":"GY","iso3166a3":"GUY","iso3166numeric":"","total_cases":38261,"active_cases":933,"deaths":1009,"recovered":36319,"critical":16,"tested":399460,"death_ratio":0.02637150100624657,"recovery_ratio":0.9492433548521994,"change":{"total_cases":44,"active_cases":-8,"deaths":1,"recovered":51,"death_ratio":-4.19567324161374e-6,"recovery_ratio":0.0002416017056938724}},"gabon":{"name":"Gabon","iso3166a2":"GA","iso3166a3":"GAB","iso3166numeric":"","total_cases":37511,"active_cases":3806,"deaths":281,"recovered":33424,"critical":8,"tested":1412633,"death_ratio":0.007491135933459518,"recovery_ratio":0.8910452933806083,"change":{"total_cases":0,"active_cases":0,"deaths":0,"recovered":0,"death_ratio":0,"recovery_ratio":0}},"papua_new_guinea":{"name":"Papua New Guinea","iso3166a2":"PG","iso3166a3":"PNG","iso3166numeric":"","total_cases":35662,"active_cases":444,"deaths":573,"recovered":34645,"critical":7,"tested":249149,"death_ratio":0.01606752285345746,"recovery_ratio":0.9714822500140206,"change":{"total_cases":0,"active_cases":0,"deaths":0,"recovered":0,"death_ratio":0,"recovery_ratio":0}},"belize":{"name":"Belize","iso3166a2":"BZ","iso3166a3":"BLZ","iso3166numeric":"","total_cases":30888,"active_cases":958,"deaths":588,"recovered":29342,"critical":10,"tested":358245,"death_ratio":0.019036519036519036,"recovery_ratio":0.9499481999481999,"change":{"total_cases":64,"active_cases":-53,"deaths":0,"recovered":117,"death_ratio":-3.9525604020804184e-5,"recovery_ratio":0.0018233621594638816}},"guinea":{"name":"Guinea","iso3166a2":"GN","iso3166a3":"GIN","iso3166numeric":"","total_cases":30798,"active_cases":657,"deaths":388,"recovered":29753,"critical":49,"tested":569940,"death_ratio":0.012598220663679459,"recovery_ratio":0.9660692252743684,"change":{"total_cases":28,"active_cases":-1,"deaths":1,"recovered":28,"death_ratio":2.103509331871818e-5,"recovery_ratio":3.087623309450116e-5}},"togo":{"name":"Togo","iso3166a2":"TG","iso3166a3":"TGO","iso3166numeric":"","total_cases":26326,"active_cases":154,"deaths":243,"recovered":25929,"critical":0,"tested":586985,"death_ratio":0.009230418597584137,"recovery_ratio":0.984919851097774,"change":{"total_cases":0,"active_cases":0,"deaths":0,"recovered":0,"death_ratio":0,"recovery_ratio":0}},"tanzania":{"name":"Tanzania","iso3166a2":"TZ","iso3166a3":"TZA","iso3166numeric":"","total_cases":26309,"active_cases":24841,"deaths":734,"recovered":734,"critical":7,"tested":0,"death_ratio":0.027899197993082214,"recovery_ratio":0.027899197993082214,"change":{"total_cases":39,"active_cases":-699,"deaths":4,"recovered":734,"death_ratio":0.00011084626106851181,"recovery_ratio":0.027899197993082214}},"barbados":{"name":"Barbados","iso3166a2":"BB","iso3166a3":"BRB","iso3166numeric":"","total_cases":26306,"active_cases":2387,"deaths":240,"recovered":23679,"critical":0,"tested":445197,"death_ratio":0.009123393902531743,"recovery_ratio":0.900136850908538,"change":{"total_cases":106,"active_cases":23,"deaths":0,"recovered":83,"death_ratio":-3.691144097970819e-5,"recovery_ratio":-0.00047383611436280226}},"haiti":{"name":"Haiti","iso3166a2":"HT","iso3166a3":"HTI","iso3166numeric":"","total_cases":25638,"active_cases":3142,"deaths":750,"recovered":21746,"critical":0,"tested":132422,"death_ratio":0.029253451907325066,"recovery_ratio":0.8481940869022545,"change":{"total_cases":0,"active_cases":0,"deaths":0,"recovered":0,"death_ratio":0,"recovery_ratio":0}},"benin":{"name":"Benin","iso3166a2":"BJ","iso3166a3":"BEN","iso3166numeric":"","total_cases":24863,"active_cases":156,"deaths":161,"recovered":24546,"critical":5,"tested":604310,"death_ratio":0.0064754856614246065,"recovery_ratio":0.9872501307163255,"change":{"total_cases":0,"active_cases":0,"deaths":0,"recovered":0,"death_ratio":0,"recovery_ratio":0}},"seychelles":{"name":"Seychelles","iso3166a2":"SC","iso3166a3":"SYC","iso3166numeric":"","total_cases":23750,"active_cases":711,"deaths":127,"recovered":22912,"critical":0,"tested":0,"death_ratio":0.005347368421052632,"recovery_ratio":0.9647157894736842,"change":{"total_cases":86,"active_cases":86,"deaths":0,"recovered":0,"death_ratio":-1.9433472118429544e-5,"recovery_ratio":-0.003505981993523366}},"somalia":{"name":"Somalia","iso3166a2":"SO","iso3166a3":"SOM","iso3166numeric":"","total_cases":23051,"active_cases":9395,"deaths":1331,"recovered":12325,"critical":0,"tested":262138,"death_ratio":0.05774152965164201,"recovery_ratio":0.5346839616502538,"change":{"total_cases":0,"active_cases":0,"deaths":0,"recovered":0,"death_ratio":0,"recovery_ratio":0}},"bahamas":{"name":"Bahamas","iso3166a2":"BS","iso3166a3":"BHS","iso3166numeric":"","total_cases":22846,"active_cases":497,"deaths":705,"recovered":21644,"critical":4,"tested":170777,"death_ratio":0.030858793661910182,"recovery_ratio":0.9473868510899063,"change":{"total_cases":7,"active_cases":7,"deaths":0,"recovered":0,"death_ratio":-9.458012856664033e-6,"recovery_ratio":-0.00029036770251023025}},"mauritius":{"name":"Mauritius","iso3166a2":"MU","iso3166a3":"MUS","iso3166numeric":"","total_cases":22251,"active_cases":1285,"deaths":455,"recovered":20511,"critical":0,"tested":358675,"death_ratio":0.020448519167677856,"recovery_ratio":0.9218012673587704,"change":{"total_cases":95,"active_cases":-19,"deaths":0,"recovered":114,"death_ratio":-8.767870197370561e-5,"recovery_ratio":0.0011928542878190118}},"lesotho":{"name":"Lesotho","iso3166a2":"","iso3166a3":"","iso3166numeric":"","total_cases":21838,"active_cases":7434,"deaths":663,"recovered":13741,"critical":0,"tested":262081,"death_ratio":0.030359923069878194,"recovery_ratio":0.6292242879384559,"change":{"total_cases":0,"active_cases":0,"deaths":0,"recovered":0,"death_ratio":0,"recovery_ratio":0}},"mayotte":{"name":"Mayotte","iso3166a2":"YT","iso3166a3":"MYT","iso3166numeric":"","total_cases":21043,"active_cases":17894,"deaths":185,"recovered":2964,"critical":0,"tested":176919,"death_ratio":0.008791522121370528,"recovery_ratio":0.1408544409067148,"change":{"total_cases":40,"active_cases":40,"deaths":0,"recovered":0,"death_ratio":-1.6743364512440684e-5,"recovery_ratio":-0.0002682558508912414}},"burundi":{"name":"Burundi","iso3166a2":"BI","iso3166a3":"BDI","iso3166numeric":"","total_cases":20523,"active_cases":19712,"deaths":38,"recovered":773,"critical":0,"tested":345742,"death_ratio":0.0018515811528528967,"recovery_ratio":0.03766505871461287,"change":{"total_cases":50,"active_cases":50,"deaths":0,"recovered":0,"death_ratio":-4.522007406957719e-6,"recovery_ratio":-9.198715067311458e-5}},"timor_leste":{"name":"Timor-leste","iso3166a2":"TL","iso3166a3":"TLS","iso3166numeric":"","total_cases":19829,"active_cases":5,"deaths":122,"recovered":19702,"critical":0,"tested":211166,"death_ratio":0.006152604770790257,"recovery_ratio":0.9935952392959806,"change":{"total_cases":0,"active_cases":0,"deaths":0,"recovered":0,"death_ratio":0,"recovery_ratio":0}},"channel_islands":{"name":"Channel islands","iso3166a2":"GB-CHA","iso3166a3":"GBR-CHA","iso3166numeric":"","total_cases":19706,"active_cases":2180,"deaths":105,"recovered":17421,"critical":0,"tested":1090368,"death_ratio":0.005328326398051355,"recovery_ratio":0.8840454683852633,"change":{"total_cases":231,"active_cases":11,"deaths":0,"recovered":220,"death_ratio":-6.3201201435166e-5,"recovery_ratio":0.0008105518255714372}},"congo":{"name":"Congo","iso3166a2":"CD","iso3166a3":"COD","iso3166numeric":"","total_cases":19066,"active_cases":6286,"deaths":359,"recovered":12421,"critical":0,"tested":188207,"death_ratio":0.018829329696842548,"recovery_ratio":0.6514738277562152,"change":{"total_cases":96,"active_cases":91,"deaths":5,"recovered":0,"death_ratio":0.00016828594354787244,"recovery_ratio":-0.0032968628078332562}},"iceland":{"name":"Iceland","iso3166a2":"IS","iso3166a3":"ISL","iso3166numeric":"","total_cases":18896,"active_cases":1323,"deaths":35,"recovered":17538,"critical":5,"tested":1274202,"death_ratio":0.0018522438611346316,"recovery_ratio":0.9281329381879763,"change":{"total_cases":131,"active_cases":4,"deaths":0,"recovered":127,"death_ratio":-1.2930665910399061e-5,"recovery_ratio":0.0002885470342326446}},"andorra":{"name":"Andorra","iso3166a2":"AD","iso3166a3":"AND","iso3166numeric":"","total_cases":18815,"active_cases":2100,"deaths":133,"recovered":16582,"critical":4,"tested":204343,"death_ratio":0.0070688280627159185,"recovery_ratio":0.8813180972628222,"change":{"total_cases":0,"active_cases":0,"deaths":0,"recovered":0,"death_ratio":0,"recovery_ratio":0}},"mali":{"name":"Mali","iso3166a2":"ML","iso3166a3":"MLI","iso3166numeric":"","total_cases":18113,"active_cases":2149,"deaths":619,"recovered":15345,"critical":0,"tested":498903,"death_ratio":0.034174349914426104,"recovery_ratio":0.8471815822889637,"change":{"total_cases":1,"active_cases":1,"deaths":0,"recovered":0,"death_ratio":-1.8868346905037692e-6,"recovery_ratio":-4.6774601495713775e-5}},"curacao":{"name":"Cura\u00e7ao","iso3166a2":"CW","iso3166a3":"CUW","iso3166numeric":"","total_cases":17517,"active_cases":109,"deaths":180,"recovered":17228,"critical":3,"tested":345823,"death_ratio":0.010275732145915397,"recovery_ratio":0.9835017411657248,"change":{"total_cases":15,"active_cases":7,"deaths":0,"recovered":8,"death_ratio":-8.806763923478386e-6,"recovery_ratio":-0.0003858145421943293}},"tajikistan":{"name":"Tajikistan","iso3166a2":"TJ","iso3166a3":"TJK","iso3166numeric":"","total_cases":17493,"active_cases":402,"deaths":125,"recovered":16966,"critical":0,"tested":0,"death_ratio":0.007145715429028755,"recovery_ratio":0.9698736637512148,"change":{"total_cases":0,"active_cases":0,"deaths":0,"recovered":0,"death_ratio":0,"recovery_ratio":0}},"nicaragua":{"name":"Nicaragua","iso3166a2":"NI","iso3166a3":"NIC","iso3166numeric":"","total_cases":17328,"active_cases":12889,"deaths":214,"recovered":4225,"critical":0,"tested":0,"death_ratio":0.012349953831948292,"recovery_ratio":0.24382502308402584,"change":{"total_cases":74,"active_cases":73,"deaths":1,"recovered":0,"death_ratio":4.99034522057594e-6,"recovery_ratio":-0.0010457315236013787}},"taiwan":{"name":"Taiwan","iso3166a2":"TW","iso3166a3":"TWN","iso3166numeric":"","total_cases":16688,"active_cases":182,"deaths":848,"recovered":15658,"critical":0,"tested":8602519,"death_ratio":0.05081495685522531,"recovery_ratio":0.9382790028763183,"change":{"total_cases":5,"active_cases":2,"deaths":0,"recovered":3,"death_ratio":-1.5229562085723736e-5,"recovery_ratio":-0.00010138434420559062}},"aruba":{"name":"Aruba","iso3166a2":"AW","iso3166a3":"ABW","iso3166numeric":"","total_cases":16505,"active_cases":193,"deaths":176,"recovered":16136,"critical":14,"tested":177885,"death_ratio":0.010663435322629507,"recovery_ratio":0.9776431384428961,"change":{"total_cases":21,"active_cases":2,"deaths":1,"recovered":18,"death_ratio":4.7080069050279075e-5,"recovery_ratio":-0.00015351285533249381}},"burkina_faso":{"name":"Burkina Faso","iso3166a2":"BF","iso3166a3":"BFA","iso3166numeric":"","total_cases":16334,"active_cases":440,"deaths":290,"recovered":15604,"critical":0,"tested":234250,"death_ratio":0.017754377372352147,"recovery_ratio":0.9553079466144239,"change":{"total_cases":334,"active_cases":71,"deaths":4,"recovered":259,"death_ratio":-0.00012062262764785114,"recovery_ratio":-0.003754553385576176}},"brunei":{"name":"Brunei","iso3166a2":"BN","iso3166a3":"BRN","iso3166numeric":"","total_cases":15244,"active_cases":118,"deaths":98,"recovered":15028,"critical":1,"tested":645285,"death_ratio":0.006428758855943322,"recovery_ratio":0.9858304906848596,"change":{"total_cases":15,"active_cases":-81,"deaths":0,"recovered":96,"death_ratio":-6.332088964419551e-6,"recovery_ratio":0.00533275609952899}},"equatorial_guinea":{"name":"Equatorial guinea","iso3166a2":"GQ","iso3166a3":"GNQ","iso3166numeric":"","total_cases":13599,"active_cases":78,"deaths":175,"recovered":13346,"critical":1,"tested":242340,"death_ratio":0.012868593278917567,"recovery_ratio":0.9813956908596221,"change":{"total_cases":0,"active_cases":0,"deaths":0,"recovered":0,"death_ratio":0,"recovery_ratio":0}},"djibouti":{"name":"Djibouti","iso3166a2":"DJ","iso3166a3":"DJI","iso3166numeric":"","total_cases":13509,"active_cases":26,"deaths":188,"recovered":13295,"critical":0,"tested":249312,"death_ratio":0.013916648160485602,"recovery_ratio":0.984158709008809,"change":{"total_cases":1,"active_cases":0,"deaths":0,"recovered":1,"death_ratio":-1.0302523068168867e-6,"recovery_ratio":1.1727340089029425e-6}},"saint_lucia":{"name":"Saint Lucia","iso3166a2":"LC","iso3166a3":"LCA","iso3166numeric":"","total_cases":13060,"active_cases":111,"deaths":283,"recovered":12666,"critical":5,"tested":101701,"death_ratio":0.021669218989280245,"recovery_ratio":0.9698315467075038,"change":{"total_cases":8,"active_cases":-2,"deaths":0,"recovered":10,"death_ratio":-1.3281776885858132e-5,"recovery_ratio":0.00017172445804014558}},"south_sudan":{"name":"South Sudan","iso3166a2":"SS","iso3166a3":"SSD","iso3166numeric":"","total_cases":12826,"active_cases":230,"deaths":133,"recovered":12463,"critical":2,"tested":267531,"death_ratio":0.010369561827537814,"recovery_ratio":0.9716981132075472,"change":{"total_cases":3,"active_cases":3,"deaths":0,"recovered":0,"death_ratio":-2.4260068223203035e-6,"recovery_ratio":-0.00022733325583890185}},"new_zealand":{"name":"New Zealand","iso3166a2":"NZ","iso3166a3":"NZL","iso3166numeric":"","total_cases":12518,"active_cases":6465,"deaths":44,"recovered":6009,"critical":48,"tested":5137118,"death_ratio":0.0035149384885764497,"recovery_ratio":0.48002875858763383,"change":{"total_cases":88,"active_cases":47,"deaths":0,"recovered":41,"death_ratio":-2.4884520273107773e-5,"recovery_ratio":-9.996224905162165e-5}},"hong_kong":{"name":"Hong kong","iso3166a2":"HK","iso3166a3":"HKG","iso3166numeric":"","total_cases":12472,"active_cases":106,"deaths":213,"recovered":12153,"critical":0,"tested":28539548,"death_ratio":0.017078255291853753,"recovery_ratio":0.974422706863374,"change":{"total_cases":0,"active_cases":0,"deaths":0,"recovered":0,"death_ratio":0,"recovery_ratio":0}},"new_caledonia":{"name":"New Caledonia","iso3166a2":"NC","iso3166a3":"NCL","iso3166numeric":"","total_cases":12321,"active_cases":216,"deaths":280,"recovered":11825,"critical":8,"tested":42756,"death_ratio":0.022725428130833537,"recovery_ratio":0.9597435273110949,"change":{"total_cases":30,"active_cases":15,"deaths":1,"recovered":14,"death_ratio":2.589188479985502e-5,"recovery_ratio":-0.0012035071043310364}},"isle_of_man":{"name":"Isle of man","iso3166a2":"IM","iso3166a3":"IMN","iso3166numeric":"","total_cases":12230,"active_cases":1105,"deaths":66,"recovered":11059,"critical":1,"tested":133676,"death_ratio":0.005396565821749796,"recovery_ratio":0.9042518397383483,"change":{"total_cases":83,"active_cases":83,"deaths":0,"recovered":0,"death_ratio":-3.687453389357269e-5,"recovery_ratio":-0.0061787192474094255}},"central_african_republic":{"name":"Central African Republic","iso3166a2":"CF","iso3166a3":"CAF","iso3166numeric":"","total_cases":11742,"active_cases":4782,"deaths":101,"recovered":6859,"critical":2,"tested":60228,"death_ratio":0.0086016010901039,"recovery_ratio":0.5841423948220065,"change":{"total_cases":0,"active_cases":0,"deaths":0,"recovered":0,"death_ratio":0,"recovery_ratio":0}},"yemen":{"name":"Yemen","iso3166a2":"YE","iso3166a3":"YEM","iso3166numeric":"","total_cases":10047,"active_cases":1163,"deaths":1956,"recovered":6928,"critical":23,"tested":265253,"death_ratio":0.19468498059122127,"recovery_ratio":0.6895590723599084,"change":{"total_cases":4,"active_cases":-2,"deaths":1,"recovered":5,"death_ratio":2.20312732883976e-5,"recovery_ratio":0.00022321653993429003}},"gambia":{"name":"Gambia","iso3166a2":"GM","iso3166a3":"GMB","iso3166numeric":"","total_cases":9998,"active_cases":15,"deaths":342,"recovered":9641,"critical":1,"tested":125971,"death_ratio":0.034206841368273656,"recovery_ratio":0.9642928585717143,"change":{"total_cases":0,"active_cases":-1,"deaths":0,"recovered":1,"death_ratio":0,"recovery_ratio":0.00010002000400077815}},"cayman_islands":{"name":"Cayman islands","iso3166a2":"KY","iso3166a3":"CYM","iso3166numeric":"","total_cases":7724,"active_cases":3645,"deaths":9,"recovered":4070,"critical":14,"tested":210076,"death_ratio":0.0011651993785603315,"recovery_ratio":0.5269290523045055,"change":{"total_cases":61,"active_cases":-11,"deaths":0,"recovered":72,"death_ratio":-9.275370232569424e-6,"recovery_ratio":0.005201269451836854}},"eritrea":{"name":"Eritrea","iso3166a2":"ER","iso3166a3":"ERI","iso3166numeric":"","total_cases":7533,"active_cases":149,"deaths":62,"recovered":7322,"critical":0,"tested":23693,"death_ratio":0.00823045267489712,"recovery_ratio":0.9719899110580115,"change":{"total_cases":20,"active_cases":9,"deaths":0,"recovered":11,"death_ratio":-2.1909896645539578e-5,"recovery_ratio":-0.0011233592734141151}},"gibraltar":{"name":"Gibraltar","iso3166a2":"GI","iso3166a3":"GIB","iso3166numeric":"","total_cases":7436,"active_cases":304,"deaths":100,"recovered":7032,"critical":0,"tested":424364,"death_ratio":0.013448090371167294,"recovery_ratio":0.9456697149004841,"change":{"total_cases":34,"active_cases":34,"deaths":0,"recovered":0,"death_ratio":-6.177182823827176e-5,"recovery_ratio":-0.00434379496171533}},"niger":{"name":"Niger","iso3166a2":"NE","iso3166a3":"NER","iso3166numeric":"","total_cases":7099,"active_cases":83,"deaths":265,"recovered":6751,"critical":2,"tested":192143,"death_ratio":0.037329201295957175,"recovery_ratio":0.950979011128328,"change":{"total_cases":8,"active_cases":-5,"deaths":1,"recovered":12,"death_ratio":9.890937662281052e-5,"recovery_ratio":0.0006194003541071247}},"guinea_bissau":{"name":"Guinea-bissau","iso3166a2":"GW","iso3166a3":"GNB","iso3166numeric":"","total_cases":6444,"active_cases":16,"deaths":149,"recovered":6279,"critical":0,"tested":107829,"death_ratio":0.023122284295468653,"recovery_ratio":0.9743947858472998,"change":{"total_cases":0,"active_cases":-2,"deaths":0,"recovered":2,"death_ratio":0,"recovery_ratio":0.00031036623215385806}},"sierra_leone":{"name":"Sierra Leone","iso3166a2":"SL","iso3166a3":"SLE","iso3166numeric":"","total_cases":6405,"active_cases":6284,"deaths":121,"recovered":0,"critical":0,"tested":160729,"death_ratio":0.018891491022638564,"recovery_ratio":0,"change":{"total_cases":3,"active_cases":3,"deaths":0,"recovered":0,"death_ratio":-8.852619973118148e-6,"recovery_ratio":0}},"san_marino":{"name":"San Marino","iso3166a2":"SM","iso3166a3":"SMR","iso3166numeric":"","total_cases":6308,"active_cases":442,"deaths":94,"recovered":5772,"critical":3,"tested":93080,"death_ratio":0.014901712111604312,"recovery_ratio":0.9150285351934052,"change":{"total_cases":91,"active_cases":91,"deaths":0,"recovered":0,"death_ratio":-0.00021812060514009822,"recovery_ratio":-0.013393533328389884}},"dominica":{"name":"Dominica","iso3166a2":"DM","iso3166a3":"DMA","iso3166numeric":"","total_cases":6142,"active_cases":426,"deaths":42,"recovered":5674,"critical":0,"tested":111828,"death_ratio":0.006838163464669489,"recovery_ratio":0.9238033213936828,"change":{"total_cases":56,"active_cases":26,"deaths":0,"recovered":30,"death_ratio":-6.292099145933146e-5,"recovery_ratio":-0.0035709802822948555}},"grenada":{"name":"Grenada","iso3166a2":"GD","iso3166a3":"GRD","iso3166numeric":"","total_cases":5910,"active_cases":67,"deaths":200,"recovered":5643,"critical":2,"tested":88453,"death_ratio":0.0338409475465313,"recovery_ratio":0.9548223350253807,"change":{"total_cases":1,"active_cases":-1,"deaths":0,"recovered":2,"death_ratio":-5.727017692760961e-6,"recovery_ratio":0.00017687894144091665}},"liberia":{"name":"Liberia","iso3166a2":"LR","iso3166a3":"LBR","iso3166numeric":"","total_cases":5829,"active_cases":19,"deaths":287,"recovered":5523,"critical":2,"tested":128246,"death_ratio":0.04923657574197975,"recovery_ratio":0.9475038600102934,"change":{"total_cases":0,"active_cases":0,"deaths":0,"recovered":0,"death_ratio":0,"recovery_ratio":0}},"bermuda":{"name":"Bermuda","iso3166a2":"BM","iso3166a3":"BMU","iso3166numeric":"","total_cases":5760,"active_cases":31,"deaths":106,"recovered":5623,"critical":0,"tested":656650,"death_ratio":0.01840277777777778,"recovery_ratio":0.9762152777777777,"change":{"total_cases":9,"active_cases":1,"deaths":0,"recovered":8,"death_ratio":-2.8799339245346584e-5,"recovery_ratio":-0.00013666101547560316}},"chad":{"name":"Chad","iso3166a2":"TD","iso3166a3":"TCD","iso3166numeric":"","total_cases":5703,"active_cases":648,"deaths":181,"recovered":4874,"critical":0,"tested":157235,"death_ratio":0.031737681921795546,"recovery_ratio":0.8546379098719972,"change":{"total_cases":0,"active_cases":0,"deaths":0,"recovered":0,"death_ratio":0,"recovery_ratio":0}},"st_vincent_grenadines":{"name":"St. Vincent Grenadines","iso3166a2":"VC","iso3166a3":"VCT","iso3166numeric":"","total_cases":5645,"active_cases":473,"deaths":76,"recovered":5096,"critical":7,"tested":91554,"death_ratio":0.013463241806908768,"recovery_ratio":0.9027457927369353,"change":{"total_cases":22,"active_cases":22,"deaths":0,"recovered":0,"death_ratio":-5.267496349848841e-5,"recovery_ratio":-0.003531994920898507}},"liechtenstein":{"name":"Liechtenstein","iso3166a2":"LI","iso3166a3":"LIE","iso3166numeric":"","total_cases":5162,"active_cases":498,"deaths":64,"recovered":4600,"critical":18,"tested":80413,"death_ratio":0.01239829523440527,"recovery_ratio":0.8911274699728787,"change":{"total_cases":112,"active_cases":112,"deaths":0,"recovered":0,"death_ratio":-0.00027497209232740447,"recovery_ratio":-0.019763619136032196}},"sint_maarten":{"name":"Sint Maarten","iso3166a2":"SX","iso3166a3":"SXM","iso3166numeric":"","total_cases":4613,"active_cases":29,"deaths":75,"recovered":4509,"critical":10,"tested":62056,"death_ratio":0.016258400173422935,"recovery_ratio":0.9774550184261869,"change":{"total_cases":5,"active_cases":4,"deaths":0,"recovered":1,"death_ratio":-1.7641493243732848e-5,"recovery_ratio":-0.0008435926849242881}},"comoros":{"name":"Comoros","iso3166a2":"KM","iso3166a3":"COM","iso3166numeric":"","total_cases":4554,"active_cases":79,"deaths":151,"recovered":4324,"critical":0,"tested":0,"death_ratio":0.0331576635924462,"recovery_ratio":0.9494949494949495,"change":{"total_cases":6,"active_cases":6,"deaths":0,"recovered":0,"death_ratio":-4.374361951510475e-5,"recovery_ratio":-0.0012526318594919816}},"antigua_and_barbuda":{"name":"Antigua and Barbuda","iso3166a2":"AG","iso3166a3":"ATG","iso3166numeric":"","total_cases":4148,"active_cases":12,"deaths":117,"recovered":4019,"critical":1,"tested":18088,"death_ratio":0.028206364513018323,"recovery_ratio":0.968900675024108,"change":{"total_cases":0,"active_cases":0,"deaths":0,"recovered":0,"death_ratio":0,"recovery_ratio":0}},"faeroe_islands":{"name":"Faeroe islands","iso3166a2":"FO","iso3166a3":"FRO","iso3166numeric":"","total_cases":4053,"active_cases":596,"deaths":13,"recovered":3444,"critical":7,"tested":581000,"death_ratio":0.0032075006168270415,"recovery_ratio":0.8497409326424871,"change":{"total_cases":0,"active_cases":0,"deaths":0,"recovered":0,"death_ratio":0,"recovery_ratio":0}},"saint_martin":{"name":"Saint Martin","iso3166a2":"MF","iso3166a3":"MAF","iso3166numeric":"","total_cases":3973,"active_cases":2518,"deaths":56,"recovered":1399,"critical":7,"tested":54303,"death_ratio":0.01409514220991694,"recovery_ratio":0.35212685627988927,"change":{"total_cases":0,"active_cases":0,"deaths":0,"recovered":0,"death_ratio":0,"recovery_ratio":0}},"monaco":{"name":"Monaco","iso3166a2":"MC","iso3166a3":"MCO","iso3166numeric":"","total_cases":3942,"active_cases":163,"deaths":36,"recovered":3743,"critical":1,"tested":54960,"death_ratio":0.0091324200913242,"recovery_ratio":0.9495180111618468,"change":{"total_cases":0,"active_cases":0,"deaths":0,"recovered":0,"death_ratio":0,"recovery_ratio":0}},"sao_tome_and_principe":{"name":"Sao Tome and Principe","iso3166a2":"ST","iso3166a3":"STP","iso3166numeric":"","total_cases":3733,"active_cases":1,"deaths":57,"recovered":3675,"critical":0,"tested":14934,"death_ratio":0.015269220466113046,"recovery_ratio":0.984462898473078,"change":{"total_cases":0,"active_cases":-1,"deaths":1,"recovered":0,"death_ratio":0.00026788106080900126,"recovery_ratio":0}},"turks_and_caicos":{"name":"Turks and Caicos","iso3166a2":"TC","iso3166a3":"TCA","iso3166numeric":"","total_cases":3107,"active_cases":27,"deaths":25,"recovered":3055,"critical":0,"tested":94789,"death_ratio":0.00804634695848085,"recovery_ratio":0.9832635983263598,"change":{"total_cases":0,"active_cases":0,"deaths":0,"recovered":0,"death_ratio":0,"recovery_ratio":0}},"caribbean_netherlands":{"name":"Caribbean Netherlands","iso3166a2":"BQ","iso3166a3":"BES","iso3166numeric":"","total_cases":3073,"active_cases":175,"deaths":22,"recovered":2876,"critical":0,"tested":30126,"death_ratio":0.007159127888057273,"recovery_ratio":0.9358932639114872,"change":{"total_cases":16,"active_cases":-9,"deaths":0,"recovered":25,"death_ratio":-3.747008381057085e-5,"recovery_ratio":0.0032795903753406463}},"british_virgin_islands":{"name":"British Virgin islands","iso3166a2":"VN","iso3166a3":"VNM","iso3166numeric":"","total_cases":2816,"active_cases":2778,"deaths":38,"recovered":0,"critical":7,"tested":82570,"death_ratio":0.013494318181818182,"recovery_ratio":0,"change":{"total_cases":0,"active_cases":0,"deaths":0,"recovered":0,"death_ratio":0,"recovery_ratio":0}},"saint_kitts_and_nevis":{"name":"Saint Kitts and Nevis","iso3166a2":"KN","iso3166a3":"KNA","iso3166numeric":"","total_cases":2791,"active_cases":10,"deaths":28,"recovered":2753,"critical":1,"tested":57214,"death_ratio":0.01003224650662845,"recovery_ratio":0.9863848083124328,"change":{"total_cases":1,"active_cases":-1,"deaths":0,"recovered":2,"death_ratio":-3.595787278360893e-6,"recovery_ratio":0.00036330293608877184}},"bhutan":{"name":"Bhutan","iso3166a2":"BT","iso3166a3":"BTN","iso3166numeric":"","total_cases":2642,"active_cases":14,"deaths":3,"recovered":2625,"critical":0,"tested":1254308,"death_ratio":0.0011355034065102195,"recovery_ratio":0.9935654806964421,"change":{"total_cases":1,"active_cases":1,"deaths":0,"recovered":0,"death_ratio":-4.299520660773753e-7,"recovery_ratio":-0.00037620805781757305}},"greenland":{"name":"Greenland","iso3166a2":"GL","iso3166a3":"GRL","iso3166numeric":"","total_cases":1746,"active_cases":315,"deaths":0,"recovered":1431,"critical":2,"tested":117720,"death_ratio":0,"recovery_ratio":0.8195876288659794,"change":{"total_cases":83,"active_cases":83,"deaths":0,"recovered":0,"death_ratio":0,"recovery_ratio":-0.04090545592055106}},"st_barth":{"name":"St. Barth","iso3166a2":"BL","iso3166a3":"BLM","iso3166numeric":"","total_cases":1603,"active_cases":1597,"deaths":6,"recovered":0,"critical":0,"tested":56491,"death_ratio":0.0037429819089207735,"recovery_ratio":0,"change":{"total_cases":0,"active_cases":0,"deaths":0,"recovered":0,"death_ratio":0,"recovery_ratio":0}},"anguilla":{"name":"Anguilla","iso3166a2":"AI","iso3166a3":"AIA","iso3166numeric":"","total_cases":1469,"active_cases":82,"deaths":4,"recovered":1383,"critical":0,"tested":51382,"death_ratio":0.002722940776038121,"recovery_ratio":0.9414567733151804,"change":{"total_cases":0,"active_cases":0,"deaths":0,"recovered":0,"death_ratio":0,"recovery_ratio":0}},"diamond_princess":{"name":"Diamond Princess","iso3166a2":"","iso3166a3":"","iso3166numeric":"","total_cases":712,"active_cases":0,"deaths":13,"recovered":699,"critical":0,"tested":0,"death_ratio":0.018258426966292134,"recovery_ratio":0.9817415730337079,"change":{"total_cases":0,"active_cases":0,"deaths":0,"recovered":0,"death_ratio":0,"recovery_ratio":0}},"wallis_and_futuna":{"name":"Wallis and Futuna","iso3166a2":"","iso3166a3":"","iso3166numeric":"","total_cases":454,"active_cases":9,"deaths":7,"recovered":438,"critical":0,"tested":20508,"death_ratio":0.015418502202643172,"recovery_ratio":0.9647577092511013,"change":{"total_cases":0,"active_cases":0,"deaths":0,"recovered":0,"death_ratio":0,"recovery_ratio":0}},"saint_pierre_miquelon":{"name":"Saint Pierre Miquelon","iso3166a2":"PM","iso3166a3":"SPM","iso3166numeric":"","total_cases":91,"active_cases":31,"deaths":0,"recovered":60,"critical":0,"tested":13137,"death_ratio":0,"recovery_ratio":0.6593406593406593,"change":{"total_cases":0,"active_cases":0,"deaths":0,"recovered":0,"death_ratio":0,"recovery_ratio":0}},"falkland_islands":{"name":"Falkland islands","iso3166a2":"FK","iso3166a3":"FLK","iso3166numeric":"","total_cases":83,"active_cases":83,"deaths":0,"recovered":0,"critical":0,"tested":8316,"death_ratio":0,"recovery_ratio":0,"change":{"total_cases":0,"active_cases":0,"deaths":0,"recovered":0,"death_ratio":0,"recovery_ratio":0}},"macao":{"name":"Macao","iso3166a2":"MO","iso3166a3":"MAC","iso3166numeric":"","total_cases":77,"active_cases":0,"deaths":0,"recovered":77,"critical":0,"tested":5019,"death_ratio":0,"recovery_ratio":1,"change":{"total_cases":0,"active_cases":0,"deaths":0,"recovered":0,"death_ratio":0,"recovery_ratio":0}},"montserrat":{"name":"Montserrat","iso3166a2":"MS","iso3166a3":"MSR","iso3166numeric":"","total_cases":44,"active_cases":1,"deaths":1,"recovered":42,"critical":0,"tested":3037,"death_ratio":0.022727272727272728,"recovery_ratio":0.9545454545454546,"change":{"total_cases":0,"active_cases":0,"deaths":0,"recovered":0,"death_ratio":0,"recovery_ratio":0}},"vatican_city":{"name":"Vatican city","iso3166a2":"VA","iso3166a3":"VAT","iso3166numeric":"","total_cases":27,"active_cases":0,"deaths":0,"recovered":27,"critical":0,"tested":0,"death_ratio":0,"recovery_ratio":1,"change":{"total_cases":0,"active_cases":0,"deaths":0,"recovered":0,"death_ratio":0,"recovery_ratio":0}},"solomon_islands":{"name":"Solomon Islands","iso3166a2":"","iso3166a3":"","iso3166numeric":"","total_cases":20,"active_cases":0,"deaths":0,"recovered":20,"critical":0,"tested":4500,"death_ratio":0,"recovery_ratio":1,"change":{"total_cases":0,"active_cases":0,"deaths":0,"recovered":0,"death_ratio":0,"recovery_ratio":0}},"western_sahara":{"name":"Western Sahara","iso3166a2":"EH","iso3166a3":"ESH","iso3166numeric":"","total_cases":10,"active_cases":1,"deaths":1,"recovered":8,"critical":0,"tested":0,"death_ratio":0.1,"recovery_ratio":0.8,"change":{"total_cases":0,"active_cases":0,"deaths":0,"recovered":0,"death_ratio":0,"recovery_ratio":0}},"ms_zaandam":{"name":"Ms Zaandam","iso3166a2":"","iso3166a3":"","iso3166numeric":"","total_cases":9,"active_cases":0,"deaths":2,"recovered":7,"critical":0,"tested":0,"death_ratio":0.2222222222222222,"recovery_ratio":0.7777777777777778,"change":{"total_cases":0,"active_cases":0,"deaths":0,"recovered":0,"death_ratio":0,"recovery_ratio":0}}}}}
]]></system-out>
  <system-err><![CDATA[]]></system-err>
</testsuite>
